{"C:\\pecuaria\\constants.ts": {"path":"C:\\pecuaria\\constants.ts","statementMap":{"0":{"start":{"line":3,"column":29},"end":{"line":25,"column":null}}},"fnMap":{},"branchMap":{},"s":{"0":5},"f":{},"b":{},"meta":{"lastBranch":0,"lastFunction":0,"lastStatement":1,"seen":{"s:3:29:25:Infinity":0}}}
,"C:\\pecuaria\\agents\\AdminDashboard.tsx": {"path":"C:\\pecuaria\\agents\\AdminDashboard.tsx","statementMap":{"0":{"start":{"line":7,"column":33},"end":{"line":210,"column":null}},"1":{"start":{"line":8,"column":28},"end":{"line":8,"column":null}},"2":{"start":{"line":9,"column":32},"end":{"line":9,"column":null}},"3":{"start":{"line":10,"column":34},"end":{"line":10,"column":null}},"4":{"start":{"line":11,"column":24},"end":{"line":15,"column":null}},"5":{"start":{"line":17,"column":2},"end":{"line":19,"column":null}},"6":{"start":{"line":18,"column":4},"end":{"line":18,"column":null}},"7":{"start":{"line":21,"column":22},"end":{"line":57,"column":null}},"8":{"start":{"line":22,"column":4},"end":{"line":56,"column":null}},"9":{"start":{"line":23,"column":6},"end":{"line":23,"column":null}},"10":{"start":{"line":24,"column":30},"end":{"line":28,"column":null}},"11":{"start":{"line":30,"column":6},"end":{"line":33,"column":null}},"12":{"start":{"line":31,"column":8},"end":{"line":31,"column":null}},"13":{"start":{"line":32,"column":8},"end":{"line":32,"column":null}},"14":{"start":{"line":35,"column":6},"end":{"line":51,"column":null}},"15":{"start":{"line":36,"column":30},"end":{"line":36,"column":null}},"16":{"start":{"line":37,"column":8},"end":{"line":37,"column":null}},"17":{"start":{"line":40,"column":23},"end":{"line":40,"column":null}},"18":{"start":{"line":40,"column":49},"end":{"line":40,"column":70}},"19":{"start":{"line":41,"column":20},"end":{"line":44,"column":null}},"20":{"start":{"line":42,"column":28},"end":{"line":42,"column":null}},"21":{"start":{"line":43,"column":10},"end":{"line":43,"column":null}},"22":{"start":{"line":46,"column":8},"end":{"line":50,"column":null}},"23":{"start":{"line":53,"column":6},"end":{"line":53,"column":null}},"24":{"start":{"line":55,"column":6},"end":{"line":55,"column":null}},"25":{"start":{"line":59,"column":26},"end":{"line":62,"column":null}},"26":{"start":{"line":60,"column":4},"end":{"line":61,"column":null}},"27":{"start":{"line":64,"column":26},"end":{"line":76,"column":null}},"28":{"start":{"line":65,"column":4},"end":{"line":65,"column":null}},"29":{"start":{"line":65,"column":20},"end":{"line":65,"column":null}},"30":{"start":{"line":66,"column":17},"end":{"line":66,"column":null}},"31":{"start":{"line":67,"column":16},"end":{"line":67,"column":null}},"32":{"start":{"line":68,"column":19},"end":{"line":68,"column":null}},"33":{"start":{"line":69,"column":21},"end":{"line":69,"column":null}},"34":{"start":{"line":71,"column":4},"end":{"line":71,"column":null}},"35":{"start":{"line":71,"column":24},"end":{"line":71,"column":null}},"36":{"start":{"line":72,"column":4},"end":{"line":72,"column":null}},"37":{"start":{"line":72,"column":24},"end":{"line":72,"column":null}},"38":{"start":{"line":73,"column":4},"end":{"line":73,"column":null}},"39":{"start":{"line":73,"column":22},"end":{"line":73,"column":null}},"40":{"start":{"line":74,"column":4},"end":{"line":74,"column":null}},"41":{"start":{"line":74,"column":23},"end":{"line":74,"column":null}},"42":{"start":{"line":75,"column":4},"end":{"line":75,"column":null}},"43":{"start":{"line":78,"column":2},"end":{"line":84,"column":null}},"44":{"start":{"line":79,"column":4},"end":{"line":82,"column":null}},"45":{"start":{"line":86,"column":2},"end":{"line":208,"column":null}},"46":{"start":{"line":129,"column":37},"end":{"line":129,"column":null}},"47":{"start":{"line":156,"column":28},"end":{"line":197,"column":null}}},"fnMap":{"0":{"name":"(anonymous_0)","decl":{"start":{"line":7,"column":33},"end":{"line":7,"column":39}},"loc":{"start":{"line":7,"column":39},"end":{"line":210,"column":null}},"line":7},"1":{"name":"(anonymous_1)","decl":{"start":{"line":17,"column":12},"end":{"line":17,"column":18}},"loc":{"start":{"line":17,"column":18},"end":{"line":19,"column":5}},"line":17},"2":{"name":"(anonymous_2)","decl":{"start":{"line":21,"column":22},"end":{"line":21,"column":34}},"loc":{"start":{"line":21,"column":34},"end":{"line":57,"column":null}},"line":21},"3":{"name":"(anonymous_3)","decl":{"start":{"line":40,"column":44},"end":{"line":40,"column":49}},"loc":{"start":{"line":40,"column":49},"end":{"line":40,"column":70}},"line":40},"4":{"name":"(anonymous_4)","decl":{"start":{"line":41,"column":41},"end":{"line":41,"column":42}},"loc":{"start":{"line":41,"column":53},"end":{"line":44,"column":11}},"line":41},"5":{"name":"(anonymous_5)","decl":{"start":{"line":59,"column":41},"end":{"line":59,"column":null}},"loc":{"start":{"line":60,"column":4},"end":{"line":61,"column":null}},"line":60},"6":{"name":"(anonymous_6)","decl":{"start":{"line":64,"column":26},"end":{"line":64,"column":27}},"loc":{"start":{"line":64,"column":50},"end":{"line":76,"column":null}},"line":64},"7":{"name":"(anonymous_7)","decl":{"start":{"line":129,"column":30},"end":{"line":129,"column":31}},"loc":{"start":{"line":129,"column":37},"end":{"line":129,"column":null}},"line":129},"8":{"name":"(anonymous_8)","decl":{"start":{"line":155,"column":44},"end":{"line":155,"column":45}},"loc":{"start":{"line":156,"column":28},"end":{"line":197,"column":null}},"line":156}},"branchMap":{"0":{"loc":{"start":{"line":30,"column":6},"end":{"line":33,"column":null}},"type":"if","locations":[{"start":{"line":30,"column":6},"end":{"line":33,"column":null}},{"start":{},"end":{}}],"line":30},"1":{"loc":{"start":{"line":35,"column":6},"end":{"line":51,"column":null}},"type":"if","locations":[{"start":{"line":35,"column":6},"end":{"line":51,"column":null}},{"start":{},"end":{}}],"line":35},"2":{"loc":{"start":{"line":42,"column":28},"end":{"line":42,"column":null}},"type":"cond-expr","locations":[{"start":{"line":42,"column":54},"end":{"line":42,"column":60}},{"start":{"line":42,"column":60},"end":{"line":42,"column":null}}],"line":42},"3":{"loc":{"start":{"line":42,"column":60},"end":{"line":42,"column":null}},"type":"cond-expr","locations":[{"start":{"line":42,"column":79},"end":{"line":42,"column":84}},{"start":{"line":42,"column":84},"end":{"line":42,"column":null}}],"line":42},"4":{"loc":{"start":{"line":60,"column":4},"end":{"line":61,"column":null}},"type":"binary-expr","locations":[{"start":{"line":60,"column":4},"end":{"line":60,"column":null}},{"start":{"line":61,"column":4},"end":{"line":61,"column":null}}],"line":60},"5":{"loc":{"start":{"line":65,"column":4},"end":{"line":65,"column":null}},"type":"if","locations":[{"start":{"line":65,"column":4},"end":{"line":65,"column":null}},{"start":{},"end":{}}],"line":65},"6":{"loc":{"start":{"line":71,"column":4},"end":{"line":71,"column":null}},"type":"if","locations":[{"start":{"line":71,"column":4},"end":{"line":71,"column":null}},{"start":{},"end":{}}],"line":71},"7":{"loc":{"start":{"line":72,"column":4},"end":{"line":72,"column":null}},"type":"if","locations":[{"start":{"line":72,"column":4},"end":{"line":72,"column":null}},{"start":{},"end":{}}],"line":72},"8":{"loc":{"start":{"line":73,"column":4},"end":{"line":73,"column":null}},"type":"if","locations":[{"start":{"line":73,"column":4},"end":{"line":73,"column":null}},{"start":{},"end":{}}],"line":73},"9":{"loc":{"start":{"line":74,"column":4},"end":{"line":74,"column":null}},"type":"if","locations":[{"start":{"line":74,"column":4},"end":{"line":74,"column":null}},{"start":{},"end":{}}],"line":74},"10":{"loc":{"start":{"line":78,"column":2},"end":{"line":84,"column":null}},"type":"if","locations":[{"start":{"line":78,"column":2},"end":{"line":84,"column":null}},{"start":{},"end":{}}],"line":78},"11":{"loc":{"start":{"line":148,"column":21},"end":{"line":198,"column":null}},"type":"cond-expr","locations":[{"start":{"line":149,"column":24},"end":{"line":153,"column":null}},{"start":{"line":155,"column":24},"end":{"line":198,"column":null}}],"line":148},"12":{"loc":{"start":{"line":151,"column":33},"end":{"line":151,"column":null}},"type":"cond-expr","locations":[{"start":{"line":151,"column":46},"end":{"line":151,"column":76}},{"start":{"line":151,"column":76},"end":{"line":151,"column":null}}],"line":151},"13":{"loc":{"start":{"line":171,"column":42},"end":{"line":173,"column":84}},"type":"cond-expr","locations":[{"start":{"line":171,"column":73},"end":{"line":171,"column":null}},{"start":{"line":172,"column":42},"end":{"line":173,"column":84}}],"line":171},"14":{"loc":{"start":{"line":172,"column":42},"end":{"line":173,"column":84}},"type":"cond-expr","locations":[{"start":{"line":172,"column":66},"end":{"line":172,"column":null}},{"start":{"line":173,"column":42},"end":{"line":173,"column":84}}],"line":172},"15":{"loc":{"start":{"line":175,"column":41},"end":{"line":175,"column":null}},"type":"cond-expr","locations":[{"start":{"line":175,"column":72},"end":{"line":175,"column":87}},{"start":{"line":175,"column":87},"end":{"line":175,"column":null}}],"line":175},"16":{"loc":{"start":{"line":175,"column":87},"end":{"line":175,"column":null}},"type":"cond-expr","locations":[{"start":{"line":175,"column":111},"end":{"line":175,"column":119}},{"start":{"line":175,"column":119},"end":{"line":175,"column":null}}],"line":175},"17":{"loc":{"start":{"line":180,"column":41},"end":{"line":182,"column":null}},"type":"cond-expr","locations":[{"start":{"line":181,"column":46},"end":{"line":181,"column":null}},{"start":{"line":182,"column":46},"end":{"line":182,"column":null}}],"line":180},"18":{"loc":{"start":{"line":184,"column":68},"end":{"line":184,"column":133}},"type":"cond-expr","locations":[{"start":{"line":184,"column":97},"end":{"line":184,"column":118}},{"start":{"line":184,"column":118},"end":{"line":184,"column":133}}],"line":184},"19":{"loc":{"start":{"line":185,"column":45},"end":{"line":185,"column":null}},"type":"cond-expr","locations":[{"start":{"line":185,"column":74},"end":{"line":185,"column":84}},{"start":{"line":185,"column":84},"end":{"line":185,"column":null}}],"line":185}},"s":{"0":1,"1":0,"2":0,"3":0,"4":0,"5":0,"6":0,"7":0,"8":0,"9":0,"10":0,"11":0,"12":0,"13":0,"14":0,"15":0,"16":0,"17":0,"18":0,"19":0,"20":0,"21":0,"22":0,"23":0,"24":0,"25":0,"26":0,"27":0,"28":0,"29":0,"30":0,"31":0,"32":0,"33":0,"34":0,"35":0,"36":0,"37":0,"38":0,"39":0,"40":0,"41":0,"42":0,"43":0,"44":0,"45":0,"46":0,"47":0},"f":{"0":0,"1":0,"2":0,"3":0,"4":0,"5":0,"6":0,"7":0,"8":0},"b":{"0":[0,0],"1":[0,0],"2":[0,0],"3":[0,0],"4":[0,0],"5":[0,0],"6":[0,0],"7":[0,0],"8":[0,0],"9":[0,0],"10":[0,0],"11":[0,0],"12":[0,0],"13":[0,0],"14":[0,0],"15":[0,0],"16":[0,0],"17":[0,0],"18":[0,0],"19":[0,0]},"meta":{"lastBranch":20,"lastFunction":9,"lastStatement":48,"seen":{"s:7:33:210:Infinity":0,"f:7:33:7:39":0,"s:8:28:8:Infinity":1,"s:9:32:9:Infinity":2,"s:10:34:10:Infinity":3,"s:11:24:15:Infinity":4,"s:17:2:19:Infinity":5,"f:17:12:17:18":1,"s:18:4:18:Infinity":6,"s:21:22:57:Infinity":7,"f:21:22:21:34":2,"s:22:4:56:Infinity":8,"s:23:6:23:Infinity":9,"s:24:30:28:Infinity":10,"b:30:6:33:Infinity:undefined:undefined:undefined:undefined":0,"s:30:6:33:Infinity":11,"s:31:8:31:Infinity":12,"s:32:8:32:Infinity":13,"b:35:6:51:Infinity:undefined:undefined:undefined:undefined":1,"s:35:6:51:Infinity":14,"s:36:30:36:Infinity":15,"s:37:8:37:Infinity":16,"s:40:23:40:Infinity":17,"f:40:44:40:49":3,"s:40:49:40:70":18,"s:41:20:44:Infinity":19,"f:41:41:41:42":4,"s:42:28:42:Infinity":20,"b:42:54:42:60:42:60:42:Infinity":2,"b:42:79:42:84:42:84:42:Infinity":3,"s:43:10:43:Infinity":21,"s:46:8:50:Infinity":22,"s:53:6:53:Infinity":23,"s:55:6:55:Infinity":24,"s:59:26:62:Infinity":25,"f:59:41:59:Infinity":5,"s:60:4:61:Infinity":26,"b:60:4:60:Infinity:61:4:61:Infinity":4,"s:64:26:76:Infinity":27,"f:64:26:64:27":6,"b:65:4:65:Infinity:undefined:undefined:undefined:undefined":5,"s:65:4:65:Infinity":28,"s:65:20:65:Infinity":29,"s:66:17:66:Infinity":30,"s:67:16:67:Infinity":31,"s:68:19:68:Infinity":32,"s:69:21:69:Infinity":33,"b:71:4:71:Infinity:undefined:undefined:undefined:undefined":6,"s:71:4:71:Infinity":34,"s:71:24:71:Infinity":35,"b:72:4:72:Infinity:undefined:undefined:undefined:undefined":7,"s:72:4:72:Infinity":36,"s:72:24:72:Infinity":37,"b:73:4:73:Infinity:undefined:undefined:undefined:undefined":8,"s:73:4:73:Infinity":38,"s:73:22:73:Infinity":39,"b:74:4:74:Infinity:undefined:undefined:undefined:undefined":9,"s:74:4:74:Infinity":40,"s:74:23:74:Infinity":41,"s:75:4:75:Infinity":42,"b:78:2:84:Infinity:undefined:undefined:undefined:undefined":10,"s:78:2:84:Infinity":43,"s:79:4:82:Infinity":44,"s:86:2:208:Infinity":45,"f:129:30:129:31":7,"s:129:37:129:Infinity":46,"b:149:24:153:Infinity:155:24:198:Infinity":11,"b:151:46:151:76:151:76:151:Infinity":12,"f:155:44:155:45":8,"s:156:28:197:Infinity":47,"b:171:73:171:Infinity:172:42:173:84":13,"b:172:66:172:Infinity:173:42:173:84":14,"b:175:72:175:87:175:87:175:Infinity":15,"b:175:111:175:119:175:119:175:Infinity":16,"b:181:46:181:Infinity:182:46:182:Infinity":17,"b:184:97:184:118:184:118:184:133":18,"b:185:74:185:84:185:84:185:Infinity":19}}}
,"C:\\pecuaria\\agents\\CattleProfitCalculator.tsx": {"path":"C:\\pecuaria\\agents\\CattleProfitCalculator.tsx","statementMap":{"0":{"start":{"line":19,"column":41},"end":{"line":209,"column":null}},"1":{"start":{"line":21,"column":26},"end":{"line":29,"column":null}},"2":{"start":{"line":31,"column":28},"end":{"line":31,"column":null}},"3":{"start":{"line":34,"column":20},"end":{"line":34,"column":null}},"4":{"start":{"line":35,"column":25},"end":{"line":35,"column":null}},"5":{"start":{"line":37,"column":28},"end":{"line":39,"column":null}},"6":{"start":{"line":38,"column":4},"end":{"line":38,"column":null}},"7":{"start":{"line":38,"column":23},"end":{"line":38,"column":49}},"8":{"start":{"line":41,"column":2},"end":{"line":85,"column":null}},"9":{"start":{"line":42,"column":31},"end":{"line":42,"column":null}},"10":{"start":{"line":43,"column":30},"end":{"line":43,"column":null}},"11":{"start":{"line":44,"column":30},"end":{"line":44,"column":null}},"12":{"start":{"line":46,"column":29},"end":{"line":46,"column":null}},"13":{"start":{"line":47,"column":28},"end":{"line":47,"column":null}},"14":{"start":{"line":48,"column":29},"end":{"line":48,"column":null}},"15":{"start":{"line":50,"column":21},"end":{"line":50,"column":null}},"16":{"start":{"line":51,"column":24},"end":{"line":51,"column":null}},"17":{"start":{"line":52,"column":29},"end":{"line":52,"column":null}},"18":{"start":{"line":53,"column":23},"end":{"line":53,"column":null}},"19":{"start":{"line":54,"column":28},"end":{"line":54,"column":null}},"20":{"start":{"line":56,"column":24},"end":{"line":56,"column":null}},"21":{"start":{"line":58,"column":35},"end":{"line":58,"column":null}},"22":{"start":{"line":59,"column":28},"end":{"line":61,"column":null}},"23":{"start":{"line":63,"column":27},"end":{"line":63,"column":null}},"24":{"start":{"line":65,"column":36},"end":{"line":65,"column":null}},"25":{"start":{"line":66,"column":32},"end":{"line":66,"column":null}},"26":{"start":{"line":68,"column":4},"end":{"line":84,"column":null}},"27":{"start":{"line":87,"column":8},"end":{"line":94,"column":null}},"28":{"start":{"line":88,"column":4},"end":{"line":88,"column":null}},"29":{"start":{"line":88,"column":18},"end":{"line":88,"column":null}},"30":{"start":{"line":89,"column":4},"end":{"line":93,"column":null}},"31":{"start":{"line":96,"column":8},"end":{"line":110,"column":null}},"32":{"start":{"line":97,"column":4},"end":{"line":97,"column":null}},"33":{"start":{"line":97,"column":18},"end":{"line":97,"column":null}},"34":{"start":{"line":98,"column":23},"end":{"line":98,"column":null}},"35":{"start":{"line":99,"column":4},"end":{"line":109,"column":null}},"36":{"start":{"line":100,"column":23},"end":{"line":100,"column":null}},"37":{"start":{"line":101,"column":8},"end":{"line":101,"column":null}},"38":{"start":{"line":101,"column":24},"end":{"line":101,"column":null}},"39":{"start":{"line":102,"column":22},"end":{"line":102,"column":null}},"40":{"start":{"line":103,"column":21},"end":{"line":103,"column":null}},"41":{"start":{"line":104,"column":23},"end":{"line":104,"column":null}},"42":{"start":{"line":105,"column":23},"end":{"line":105,"column":null}},"43":{"start":{"line":106,"column":23},"end":{"line":106,"column":null}},"44":{"start":{"line":107,"column":23},"end":{"line":107,"column":null}},"45":{"start":{"line":108,"column":8},"end":{"line":108,"column":null}},"46":{"start":{"line":112,"column":2},"end":{"line":112,"column":null}},"47":{"start":{"line":112,"column":16},"end":{"line":112,"column":null}},"48":{"start":{"line":114,"column":2},"end":{"line":207,"column":null}},"49":{"start":{"line":125,"column":136},"end":{"line":125,"column":172}},"50":{"start":{"line":126,"column":142},"end":{"line":126,"column":179}},"51":{"start":{"line":127,"column":170},"end":{"line":127,"column":205}},"52":{"start":{"line":128,"column":141},"end":{"line":128,"column":184}},"53":{"start":{"line":129,"column":135},"end":{"line":129,"column":171}},"54":{"start":{"line":130,"column":126},"end":{"line":130,"column":155}},"55":{"start":{"line":131,"column":134},"end":{"line":131,"column":171}},"56":{"start":{"line":173,"column":73},"end":{"line":173,"column":122}},"57":{"start":{"line":175,"column":67},"end":{"line":175,"column":136}}},"fnMap":{"0":{"name":"(anonymous_0)","decl":{"start":{"line":19,"column":41},"end":{"line":19,"column":47}},"loc":{"start":{"line":19,"column":47},"end":{"line":209,"column":null}},"line":19},"1":{"name":"(anonymous_1)","decl":{"start":{"line":37,"column":28},"end":{"line":37,"column":29}},"loc":{"start":{"line":37,"column":82},"end":{"line":39,"column":null}},"line":37},"2":{"name":"(anonymous_2)","decl":{"start":{"line":38,"column":14},"end":{"line":38,"column":23}},"loc":{"start":{"line":38,"column":23},"end":{"line":38,"column":49}},"line":38},"3":{"name":"(anonymous_3)","decl":{"start":{"line":41,"column":12},"end":{"line":41,"column":18}},"loc":{"start":{"line":41,"column":18},"end":{"line":85,"column":5}},"line":41},"4":{"name":"(anonymous_4)","decl":{"start":{"line":87,"column":36},"end":{"line":87,"column":42}},"loc":{"start":{"line":87,"column":42},"end":{"line":94,"column":5}},"line":87},"5":{"name":"(anonymous_5)","decl":{"start":{"line":96,"column":34},"end":{"line":96,"column":40}},"loc":{"start":{"line":96,"column":40},"end":{"line":110,"column":5}},"line":96},"6":{"name":"(anonymous_6)","decl":{"start":{"line":99,"column":26},"end":{"line":99,"column":31}},"loc":{"start":{"line":99,"column":31},"end":{"line":109,"column":5}},"line":99},"7":{"name":"(anonymous_7)","decl":{"start":{"line":125,"column":129},"end":{"line":125,"column":130}},"loc":{"start":{"line":125,"column":136},"end":{"line":125,"column":172}},"line":125},"8":{"name":"(anonymous_8)","decl":{"start":{"line":126,"column":135},"end":{"line":126,"column":136}},"loc":{"start":{"line":126,"column":142},"end":{"line":126,"column":179}},"line":126},"9":{"name":"(anonymous_9)","decl":{"start":{"line":127,"column":163},"end":{"line":127,"column":164}},"loc":{"start":{"line":127,"column":170},"end":{"line":127,"column":205}},"line":127},"10":{"name":"(anonymous_10)","decl":{"start":{"line":128,"column":134},"end":{"line":128,"column":135}},"loc":{"start":{"line":128,"column":141},"end":{"line":128,"column":184}},"line":128},"11":{"name":"(anonymous_11)","decl":{"start":{"line":129,"column":128},"end":{"line":129,"column":129}},"loc":{"start":{"line":129,"column":135},"end":{"line":129,"column":171}},"line":129},"12":{"name":"(anonymous_12)","decl":{"start":{"line":130,"column":119},"end":{"line":130,"column":120}},"loc":{"start":{"line":130,"column":126},"end":{"line":130,"column":155}},"line":130},"13":{"name":"(anonymous_13)","decl":{"start":{"line":131,"column":127},"end":{"line":131,"column":128}},"loc":{"start":{"line":131,"column":134},"end":{"line":131,"column":171}},"line":131},"14":{"name":"(anonymous_14)","decl":{"start":{"line":173,"column":55},"end":{"line":173,"column":56}},"loc":{"start":{"line":173,"column":73},"end":{"line":173,"column":122}},"line":173},"15":{"name":"(anonymous_15)","decl":{"start":{"line":175,"column":48},"end":{"line":175,"column":49}},"loc":{"start":{"line":175,"column":67},"end":{"line":175,"column":136}},"line":175}},"branchMap":{"0":{"loc":{"start":{"line":47,"column":28},"end":{"line":47,"column":null}},"type":"cond-expr","locations":[{"start":{"line":47,"column":51},"end":{"line":47,"column":83}},{"start":{"line":47,"column":83},"end":{"line":47,"column":null}}],"line":47},"1":{"loc":{"start":{"line":56,"column":24},"end":{"line":56,"column":null}},"type":"cond-expr","locations":[{"start":{"line":56,"column":40},"end":{"line":56,"column":76}},{"start":{"line":56,"column":76},"end":{"line":56,"column":null}}],"line":56},"2":{"loc":{"start":{"line":59,"column":28},"end":{"line":61,"column":null}},"type":"cond-expr","locations":[{"start":{"line":60,"column":10},"end":{"line":60,"column":null}},{"start":{"line":61,"column":8},"end":{"line":61,"column":null}}],"line":59},"3":{"loc":{"start":{"line":59,"column":28},"end":{"line":59,"column":null}},"type":"binary-expr","locations":[{"start":{"line":59,"column":28},"end":{"line":59,"column":52}},{"start":{"line":59,"column":52},"end":{"line":59,"column":null}}],"line":59},"4":{"loc":{"start":{"line":65,"column":36},"end":{"line":65,"column":null}},"type":"cond-expr","locations":[{"start":{"line":65,"column":60},"end":{"line":65,"column":99}},{"start":{"line":65,"column":99},"end":{"line":65,"column":null}}],"line":65},"5":{"loc":{"start":{"line":66,"column":32},"end":{"line":66,"column":null}},"type":"cond-expr","locations":[{"start":{"line":66,"column":55},"end":{"line":66,"column":87}},{"start":{"line":66,"column":87},"end":{"line":66,"column":null}}],"line":66},"6":{"loc":{"start":{"line":88,"column":4},"end":{"line":88,"column":null}},"type":"if","locations":[{"start":{"line":88,"column":4},"end":{"line":88,"column":null}},{"start":{},"end":{}}],"line":88},"7":{"loc":{"start":{"line":97,"column":4},"end":{"line":97,"column":null}},"type":"if","locations":[{"start":{"line":97,"column":4},"end":{"line":97,"column":null}},{"start":{},"end":{}}],"line":97},"8":{"loc":{"start":{"line":101,"column":8},"end":{"line":101,"column":null}},"type":"if","locations":[{"start":{"line":101,"column":8},"end":{"line":101,"column":null}},{"start":{},"end":{}}],"line":101},"9":{"loc":{"start":{"line":112,"column":2},"end":{"line":112,"column":null}},"type":"if","locations":[{"start":{"line":112,"column":2},"end":{"line":112,"column":null}},{"start":{},"end":{}}],"line":112},"10":{"loc":{"start":{"line":151,"column":162},"end":{"line":151,"column":218}},"type":"cond-expr","locations":[{"start":{"line":151,"column":193},"end":{"line":151,"column":206}},{"start":{"line":151,"column":206},"end":{"line":151,"column":218}}],"line":151},"11":{"loc":{"start":{"line":154,"column":94},"end":{"line":154,"column":146}},"type":"cond-expr","locations":[{"start":{"line":154,"column":121},"end":{"line":154,"column":134}},{"start":{"line":154,"column":134},"end":{"line":154,"column":146}}],"line":154}},"s":{"0":1,"1":0,"2":0,"3":0,"4":0,"5":0,"6":0,"7":0,"8":0,"9":0,"10":0,"11":0,"12":0,"13":0,"14":0,"15":0,"16":0,"17":0,"18":0,"19":0,"20":0,"21":0,"22":0,"23":0,"24":0,"25":0,"26":0,"27":0,"28":0,"29":0,"30":0,"31":0,"32":0,"33":0,"34":0,"35":0,"36":0,"37":0,"38":0,"39":0,"40":0,"41":0,"42":0,"43":0,"44":0,"45":0,"46":0,"47":0,"48":0,"49":0,"50":0,"51":0,"52":0,"53":0,"54":0,"55":0,"56":0,"57":0},"f":{"0":0,"1":0,"2":0,"3":0,"4":0,"5":0,"6":0,"7":0,"8":0,"9":0,"10":0,"11":0,"12":0,"13":0,"14":0,"15":0},"b":{"0":[0,0],"1":[0,0],"2":[0,0],"3":[0,0],"4":[0,0],"5":[0,0],"6":[0,0],"7":[0,0],"8":[0,0],"9":[0,0],"10":[0,0],"11":[0,0]},"meta":{"lastBranch":12,"lastFunction":16,"lastStatement":58,"seen":{"s:19:41:209:Infinity":0,"f:19:41:19:47":0,"s:21:26:29:Infinity":1,"s:31:28:31:Infinity":2,"s:34:20:34:Infinity":3,"s:35:25:35:Infinity":4,"s:37:28:39:Infinity":5,"f:37:28:37:29":1,"s:38:4:38:Infinity":6,"f:38:14:38:23":2,"s:38:23:38:49":7,"s:41:2:85:Infinity":8,"f:41:12:41:18":3,"s:42:31:42:Infinity":9,"s:43:30:43:Infinity":10,"s:44:30:44:Infinity":11,"s:46:29:46:Infinity":12,"s:47:28:47:Infinity":13,"b:47:51:47:83:47:83:47:Infinity":0,"s:48:29:48:Infinity":14,"s:50:21:50:Infinity":15,"s:51:24:51:Infinity":16,"s:52:29:52:Infinity":17,"s:53:23:53:Infinity":18,"s:54:28:54:Infinity":19,"s:56:24:56:Infinity":20,"b:56:40:56:76:56:76:56:Infinity":1,"s:58:35:58:Infinity":21,"s:59:28:61:Infinity":22,"b:60:10:60:Infinity:61:8:61:Infinity":2,"b:59:28:59:52:59:52:59:Infinity":3,"s:63:27:63:Infinity":23,"s:65:36:65:Infinity":24,"b:65:60:65:99:65:99:65:Infinity":4,"s:66:32:66:Infinity":25,"b:66:55:66:87:66:87:66:Infinity":5,"s:68:4:84:Infinity":26,"s:87:8:94:Infinity":27,"f:87:36:87:42":4,"b:88:4:88:Infinity:undefined:undefined:undefined:undefined":6,"s:88:4:88:Infinity":28,"s:88:18:88:Infinity":29,"s:89:4:93:Infinity":30,"s:96:8:110:Infinity":31,"f:96:34:96:40":5,"b:97:4:97:Infinity:undefined:undefined:undefined:undefined":7,"s:97:4:97:Infinity":32,"s:97:18:97:Infinity":33,"s:98:23:98:Infinity":34,"s:99:4:109:Infinity":35,"f:99:26:99:31":6,"s:100:23:100:Infinity":36,"b:101:8:101:Infinity:undefined:undefined:undefined:undefined":8,"s:101:8:101:Infinity":37,"s:101:24:101:Infinity":38,"s:102:22:102:Infinity":39,"s:103:21:103:Infinity":40,"s:104:23:104:Infinity":41,"s:105:23:105:Infinity":42,"s:106:23:106:Infinity":43,"s:107:23:107:Infinity":44,"s:108:8:108:Infinity":45,"b:112:2:112:Infinity:undefined:undefined:undefined:undefined":9,"s:112:2:112:Infinity":46,"s:112:16:112:Infinity":47,"s:114:2:207:Infinity":48,"f:125:129:125:130":7,"s:125:136:125:172":49,"f:126:135:126:136":8,"s:126:142:126:179":50,"f:127:163:127:164":9,"s:127:170:127:205":51,"f:128:134:128:135":10,"s:128:141:128:184":52,"f:129:128:129:129":11,"s:129:135:129:171":53,"f:130:119:130:120":12,"s:130:126:130:155":54,"f:131:127:131:128":13,"s:131:134:131:171":55,"b:151:193:151:206:151:206:151:218":10,"b:154:121:154:134:154:134:154:146":11,"f:173:55:173:56":14,"s:173:73:173:122":56,"f:175:48:175:49":15,"s:175:67:175:136":57}}}
,"C:\\pecuaria\\agents\\ChatAgent.tsx": {"path":"C:\\pecuaria\\agents\\ChatAgent.tsx","statementMap":{"0":{"start":{"line":9,"column":28},"end":{"line":408,"column":null}},"1":{"start":{"line":10,"column":27},"end":{"line":10,"column":null}},"2":{"start":{"line":11,"column":30},"end":{"line":18,"column":null}},"3":{"start":{"line":19,"column":32},"end":{"line":19,"column":null}},"4":{"start":{"line":20,"column":32},"end":{"line":20,"column":null}},"5":{"start":{"line":21,"column":46},"end":{"line":21,"column":null}},"6":{"start":{"line":22,"column":34},"end":{"line":22,"column":null}},"7":{"start":{"line":23,"column":8},"end":{"line":23,"column":null}},"8":{"start":{"line":24,"column":8},"end":{"line":24,"column":null}},"9":{"start":{"line":26,"column":25},"end":{"line":28,"column":null}},"10":{"start":{"line":27,"column":4},"end":{"line":27,"column":null}},"11":{"start":{"line":30,"column":2},"end":{"line":32,"column":null}},"12":{"start":{"line":31,"column":4},"end":{"line":31,"column":null}},"13":{"start":{"line":35,"column":2},"end":{"line":41,"column":null}},"14":{"start":{"line":36,"column":4},"end":{"line":40,"column":null}},"15":{"start":{"line":37,"column":6},"end":{"line":37,"column":null}},"16":{"start":{"line":39,"column":6},"end":{"line":39,"column":null}},"17":{"start":{"line":43,"column":26},"end":{"line":97,"column":null}},"18":{"start":{"line":44,"column":4},"end":{"line":44,"column":null}},"19":{"start":{"line":44,"column":15},"end":{"line":44,"column":null}},"20":{"start":{"line":46,"column":4},"end":{"line":96,"column":null}},"21":{"start":{"line":47,"column":6},"end":{"line":47,"column":null}},"22":{"start":{"line":48,"column":23},"end":{"line":48,"column":null}},"23":{"start":{"line":48,"column":39},"end":{"line":48,"column":57}},"24":{"start":{"line":49,"column":26},"end":{"line":49,"column":null}},"25":{"start":{"line":52,"column":24},"end":{"line":52,"column":null}},"26":{"start":{"line":53,"column":6},"end":{"line":53,"column":null}},"27":{"start":{"line":55,"column":30},"end":{"line":60,"column":null}},"28":{"start":{"line":62,"column":6},"end":{"line":66,"column":null}},"29":{"start":{"line":63,"column":8},"end":{"line":63,"column":null}},"30":{"start":{"line":64,"column":8},"end":{"line":64,"column":null}},"31":{"start":{"line":65,"column":8},"end":{"line":65,"column":null}},"32":{"start":{"line":68,"column":6},"end":{"line":91,"column":null}},"33":{"start":{"line":69,"column":46},"end":{"line":74,"column":null}},"34":{"start":{"line":69,"column":63},"end":{"line":74,"column":10}},"35":{"start":{"line":77,"column":27},"end":{"line":77,"column":null}},"36":{"start":{"line":77,"column":52},"end":{"line":77,"column":70}},"37":{"start":{"line":78,"column":8},"end":{"line":90,"column":null}},"38":{"start":{"line":79,"column":10},"end":{"line":87,"column":null}},"39":{"start":{"line":89,"column":10},"end":{"line":89,"column":null}},"40":{"start":{"line":93,"column":6},"end":{"line":93,"column":null}},"41":{"start":{"line":95,"column":6},"end":{"line":95,"column":null}},"42":{"start":{"line":99,"column":22},"end":{"line":119,"column":null}},"43":{"start":{"line":100,"column":4},"end":{"line":100,"column":null}},"44":{"start":{"line":100,"column":15},"end":{"line":100,"column":null}},"45":{"start":{"line":102,"column":4},"end":{"line":118,"column":null}},"46":{"start":{"line":103,"column":24},"end":{"line":111,"column":null}},"47":{"start":{"line":113,"column":6},"end":{"line":115,"column":null}},"48":{"start":{"line":114,"column":8},"end":{"line":114,"column":null}},"49":{"start":{"line":117,"column":6},"end":{"line":117,"column":null}},"50":{"start":{"line":121,"column":27},"end":{"line":142,"column":null}},"51":{"start":{"line":122,"column":17},"end":{"line":122,"column":null}},"52":{"start":{"line":123,"column":4},"end":{"line":123,"column":null}},"53":{"start":{"line":123,"column":15},"end":{"line":123,"column":null}},"54":{"start":{"line":126,"column":19},"end":{"line":126,"column":null}},"55":{"start":{"line":127,"column":4},"end":{"line":137,"column":null}},"56":{"start":{"line":128,"column":29},"end":{"line":128,"column":null}},"57":{"start":{"line":130,"column":27},"end":{"line":130,"column":null}},"58":{"start":{"line":132,"column":8},"end":{"line":136,"column":null}},"59":{"start":{"line":138,"column":4},"end":{"line":138,"column":null}},"60":{"start":{"line":141,"column":4},"end":{"line":141,"column":null}},"61":{"start":{"line":141,"column":30},"end":{"line":141,"column":null}},"62":{"start":{"line":144,"column":27},"end":{"line":146,"column":null}},"63":{"start":{"line":145,"column":4},"end":{"line":145,"column":null}},"64":{"start":{"line":148,"column":21},"end":{"line":251,"column":null}},"65":{"start":{"line":149,"column":4},"end":{"line":149,"column":null}},"66":{"start":{"line":149,"column":57},"end":{"line":149,"column":null}},"67":{"start":{"line":151,"column":37},"end":{"line":156,"column":null}},"68":{"start":{"line":158,"column":4},"end":{"line":158,"column":null}},"69":{"start":{"line":158,"column":24},"end":{"line":158,"column":46}},"70":{"start":{"line":159,"column":4},"end":{"line":159,"column":null}},"71":{"start":{"line":160,"column":30},"end":{"line":160,"column":null}},"72":{"start":{"line":161,"column":4},"end":{"line":161,"column":null}},"73":{"start":{"line":162,"column":4},"end":{"line":162,"column":null}},"74":{"start":{"line":165,"column":4},"end":{"line":165,"column":null}},"75":{"start":{"line":167,"column":4},"end":{"line":250,"column":null}},"76":{"start":{"line":168,"column":17},"end":{"line":168,"column":null}},"77":{"start":{"line":170,"column":32},"end":{"line":170,"column":null}},"78":{"start":{"line":187,"column":22},"end":{"line":190,"column":null}},"79":{"start":{"line":187,"column":43},"end":{"line":190,"column":8}},"80":{"start":{"line":192,"column":19},"end":{"line":199,"column":null}},"81":{"start":{"line":203,"column":6},"end":{"line":219,"column":null}},"82":{"start":{"line":204,"column":10},"end":{"line":214,"column":null}},"83":{"start":{"line":216,"column":10},"end":{"line":218,"column":null}},"84":{"start":{"line":222,"column":21},"end":{"line":222,"column":null}},"85":{"start":{"line":224,"column":40},"end":{"line":229,"column":null}},"86":{"start":{"line":231,"column":6},"end":{"line":231,"column":null}},"87":{"start":{"line":231,"column":26},"end":{"line":231,"column":49}},"88":{"start":{"line":234,"column":6},"end":{"line":234,"column":null}},"89":{"start":{"line":237,"column":6},"end":{"line":237,"column":null}},"90":{"start":{"line":238,"column":40},"end":{"line":243,"column":null}},"91":{"start":{"line":244,"column":6},"end":{"line":244,"column":null}},"92":{"start":{"line":244,"column":26},"end":{"line":244,"column":49}},"93":{"start":{"line":247,"column":6},"end":{"line":247,"column":null}},"94":{"start":{"line":249,"column":6},"end":{"line":249,"column":null}},"95":{"start":{"line":253,"column":25},"end":{"line":258,"column":null}},"96":{"start":{"line":254,"column":4},"end":{"line":257,"column":null}},"97":{"start":{"line":255,"column":6},"end":{"line":255,"column":null}},"98":{"start":{"line":256,"column":6},"end":{"line":256,"column":null}},"99":{"start":{"line":260,"column":22},"end":{"line":284,"column":null}},"100":{"start":{"line":261,"column":6},"end":{"line":261,"column":null}},"101":{"start":{"line":261,"column":17},"end":{"line":261,"column":null}},"102":{"start":{"line":264,"column":6},"end":{"line":275,"column":null}},"103":{"start":{"line":265,"column":26},"end":{"line":268,"column":null}},"104":{"start":{"line":270,"column":8},"end":{"line":272,"column":null}},"105":{"start":{"line":271,"column":10},"end":{"line":271,"column":null}},"106":{"start":{"line":274,"column":8},"end":{"line":274,"column":null}},"107":{"start":{"line":277,"column":6},"end":{"line":282,"column":null}},"108":{"start":{"line":283,"column":6},"end":{"line":283,"column":null}},"109":{"start":{"line":286,"column":2},"end":{"line":406,"column":null}},"110":{"start":{"line":317,"column":10},"end":{"line":334,"column":null}},"111":{"start":{"line":328,"column":18},"end":{"line":328,"column":null}},"112":{"start":{"line":373,"column":31},"end":{"line":373,"column":null}},"113":{"start":{"line":382,"column":33},"end":{"line":382,"column":null}}},"fnMap":{"0":{"name":"(anonymous_0)","decl":{"start":{"line":9,"column":28},"end":{"line":9,"column":34}},"loc":{"start":{"line":9,"column":34},"end":{"line":408,"column":null}},"line":9},"1":{"name":"(anonymous_1)","decl":{"start":{"line":26,"column":25},"end":{"line":26,"column":31}},"loc":{"start":{"line":26,"column":31},"end":{"line":28,"column":null}},"line":26},"2":{"name":"(anonymous_2)","decl":{"start":{"line":30,"column":12},"end":{"line":30,"column":18}},"loc":{"start":{"line":30,"column":18},"end":{"line":32,"column":5}},"line":30},"3":{"name":"(anonymous_3)","decl":{"start":{"line":35,"column":12},"end":{"line":35,"column":18}},"loc":{"start":{"line":35,"column":18},"end":{"line":41,"column":5}},"line":35},"4":{"name":"(anonymous_4)","decl":{"start":{"line":43,"column":26},"end":{"line":43,"column":38}},"loc":{"start":{"line":43,"column":38},"end":{"line":97,"column":null}},"line":43},"5":{"name":"(anonymous_5)","decl":{"start":{"line":48,"column":34},"end":{"line":48,"column":39}},"loc":{"start":{"line":48,"column":39},"end":{"line":48,"column":57}},"line":48},"6":{"name":"(anonymous_6)","decl":{"start":{"line":69,"column":55},"end":{"line":69,"column":63}},"loc":{"start":{"line":69,"column":63},"end":{"line":74,"column":10}},"line":69},"7":{"name":"(anonymous_7)","decl":{"start":{"line":77,"column":47},"end":{"line":77,"column":52}},"loc":{"start":{"line":77,"column":52},"end":{"line":77,"column":70}},"line":77},"8":{"name":"(anonymous_8)","decl":{"start":{"line":99,"column":22},"end":{"line":99,"column":29}},"loc":{"start":{"line":99,"column":108},"end":{"line":119,"column":null}},"line":99},"9":{"name":"(anonymous_9)","decl":{"start":{"line":121,"column":27},"end":{"line":121,"column":34}},"loc":{"start":{"line":121,"column":77},"end":{"line":142,"column":null}},"line":121},"10":{"name":"(anonymous_10)","decl":{"start":{"line":127,"column":23},"end":{"line":127,"column":29}},"loc":{"start":{"line":127,"column":29},"end":{"line":137,"column":null}},"line":127},"11":{"name":"(anonymous_11)","decl":{"start":{"line":144,"column":27},"end":{"line":144,"column":33}},"loc":{"start":{"line":144,"column":33},"end":{"line":146,"column":null}},"line":144},"12":{"name":"(anonymous_12)","decl":{"start":{"line":148,"column":21},"end":{"line":148,"column":33}},"loc":{"start":{"line":148,"column":33},"end":{"line":251,"column":null}},"line":148},"13":{"name":"(anonymous_13)","decl":{"start":{"line":158,"column":16},"end":{"line":158,"column":24}},"loc":{"start":{"line":158,"column":24},"end":{"line":158,"column":46}},"line":158},"14":{"name":"(anonymous_14)","decl":{"start":{"line":187,"column":35},"end":{"line":187,"column":43}},"loc":{"start":{"line":187,"column":43},"end":{"line":190,"column":8}},"line":187},"15":{"name":"(anonymous_15)","decl":{"start":{"line":231,"column":18},"end":{"line":231,"column":26}},"loc":{"start":{"line":231,"column":26},"end":{"line":231,"column":49}},"line":231},"16":{"name":"(anonymous_16)","decl":{"start":{"line":244,"column":18},"end":{"line":244,"column":26}},"loc":{"start":{"line":244,"column":26},"end":{"line":244,"column":49}},"line":244},"17":{"name":"(anonymous_17)","decl":{"start":{"line":253,"column":25},"end":{"line":253,"column":26}},"loc":{"start":{"line":253,"column":53},"end":{"line":258,"column":null}},"line":253},"18":{"name":"(anonymous_18)","decl":{"start":{"line":260,"column":22},"end":{"line":260,"column":34}},"loc":{"start":{"line":260,"column":34},"end":{"line":284,"column":null}},"line":260},"19":{"name":"(anonymous_19)","decl":{"start":{"line":316,"column":23},"end":{"line":316,"column":24}},"loc":{"start":{"line":317,"column":10},"end":{"line":334,"column":null}},"line":317},"20":{"name":"(anonymous_20)","decl":{"start":{"line":327,"column":40},"end":{"line":327,"column":41}},"loc":{"start":{"line":328,"column":18},"end":{"line":328,"column":null}},"line":328},"21":{"name":"(anonymous_21)","decl":{"start":{"line":373,"column":25},"end":{"line":373,"column":31}},"loc":{"start":{"line":373,"column":31},"end":{"line":373,"column":null}},"line":373},"22":{"name":"(anonymous_22)","decl":{"start":{"line":382,"column":26},"end":{"line":382,"column":27}},"loc":{"start":{"line":382,"column":33},"end":{"line":382,"column":null}},"line":382}},"branchMap":{"0":{"loc":{"start":{"line":36,"column":4},"end":{"line":40,"column":null}},"type":"if","locations":[{"start":{"line":36,"column":4},"end":{"line":40,"column":null}},{"start":{"line":38,"column":11},"end":{"line":40,"column":null}}],"line":36},"1":{"loc":{"start":{"line":44,"column":4},"end":{"line":44,"column":null}},"type":"if","locations":[{"start":{"line":44,"column":4},"end":{"line":44,"column":null}},{"start":{},"end":{}}],"line":44},"2":{"loc":{"start":{"line":48,"column":23},"end":{"line":48,"column":null}},"type":"binary-expr","locations":[{"start":{"line":48,"column":23},"end":{"line":48,"column":62}},{"start":{"line":48,"column":62},"end":{"line":48,"column":null}}],"line":48},"3":{"loc":{"start":{"line":62,"column":6},"end":{"line":66,"column":null}},"type":"if","locations":[{"start":{"line":62,"column":6},"end":{"line":66,"column":null}},{"start":{},"end":{}}],"line":62},"4":{"loc":{"start":{"line":68,"column":6},"end":{"line":91,"column":null}},"type":"if","locations":[{"start":{"line":68,"column":6},"end":{"line":91,"column":null}},{"start":{},"end":{}}],"line":68},"5":{"loc":{"start":{"line":68,"column":10},"end":{"line":68,"column":35}},"type":"binary-expr","locations":[{"start":{"line":68,"column":10},"end":{"line":68,"column":18}},{"start":{"line":68,"column":18},"end":{"line":68,"column":35}}],"line":68},"6":{"loc":{"start":{"line":78,"column":8},"end":{"line":90,"column":null}},"type":"if","locations":[{"start":{"line":78,"column":8},"end":{"line":90,"column":null}},{"start":{"line":88,"column":15},"end":{"line":90,"column":null}}],"line":78},"7":{"loc":{"start":{"line":100,"column":4},"end":{"line":100,"column":null}},"type":"if","locations":[{"start":{"line":100,"column":4},"end":{"line":100,"column":null}},{"start":{},"end":{}}],"line":100},"8":{"loc":{"start":{"line":109,"column":27},"end":{"line":109,"column":null}},"type":"binary-expr","locations":[{"start":{"line":109,"column":27},"end":{"line":109,"column":45}},{"start":{"line":109,"column":45},"end":{"line":109,"column":null}}],"line":109},"9":{"loc":{"start":{"line":110,"column":32},"end":{"line":110,"column":null}},"type":"binary-expr","locations":[{"start":{"line":110,"column":32},"end":{"line":110,"column":54}},{"start":{"line":110,"column":54},"end":{"line":110,"column":null}}],"line":110},"10":{"loc":{"start":{"line":113,"column":6},"end":{"line":115,"column":null}},"type":"if","locations":[{"start":{"line":113,"column":6},"end":{"line":115,"column":null}},{"start":{},"end":{}}],"line":113},"11":{"loc":{"start":{"line":123,"column":4},"end":{"line":123,"column":null}},"type":"if","locations":[{"start":{"line":123,"column":4},"end":{"line":123,"column":null}},{"start":{},"end":{}}],"line":123},"12":{"loc":{"start":{"line":141,"column":4},"end":{"line":141,"column":null}},"type":"if","locations":[{"start":{"line":141,"column":4},"end":{"line":141,"column":null}},{"start":{},"end":{}}],"line":141},"13":{"loc":{"start":{"line":149,"column":4},"end":{"line":149,"column":null}},"type":"if","locations":[{"start":{"line":149,"column":4},"end":{"line":149,"column":null}},{"start":{},"end":{}}],"line":149},"14":{"loc":{"start":{"line":149,"column":9},"end":{"line":149,"column":57}},"type":"binary-expr","locations":[{"start":{"line":149,"column":9},"end":{"line":149,"column":30}},{"start":{"line":149,"column":30},"end":{"line":149,"column":46}},{"start":{"line":149,"column":46},"end":{"line":149,"column":57}}],"line":149},"15":{"loc":{"start":{"line":154,"column":12},"end":{"line":154,"column":null}},"type":"cond-expr","locations":[{"start":{"line":154,"column":25},"end":{"line":154,"column":72}},{"start":{"line":154,"column":72},"end":{"line":154,"column":null}}],"line":154},"16":{"loc":{"start":{"line":203,"column":6},"end":{"line":219,"column":null}},"type":"if","locations":[{"start":{"line":203,"column":6},"end":{"line":219,"column":null}},{"start":{"line":215,"column":13},"end":{"line":219,"column":null}}],"line":203},"17":{"loc":{"start":{"line":206,"column":26},"end":{"line":206,"column":71}},"type":"binary-expr","locations":[{"start":{"line":206,"column":26},"end":{"line":206,"column":39}},{"start":{"line":206,"column":39},"end":{"line":206,"column":71}}],"line":206},"18":{"loc":{"start":{"line":254,"column":4},"end":{"line":257,"column":null}},"type":"if","locations":[{"start":{"line":254,"column":4},"end":{"line":257,"column":null}},{"start":{},"end":{}}],"line":254},"19":{"loc":{"start":{"line":254,"column":8},"end":{"line":254,"column":42}},"type":"binary-expr","locations":[{"start":{"line":254,"column":8},"end":{"line":254,"column":29}},{"start":{"line":254,"column":29},"end":{"line":254,"column":42}}],"line":254},"20":{"loc":{"start":{"line":261,"column":6},"end":{"line":261,"column":null}},"type":"if","locations":[{"start":{"line":261,"column":6},"end":{"line":261,"column":null}},{"start":{},"end":{}}],"line":261},"21":{"loc":{"start":{"line":270,"column":8},"end":{"line":272,"column":null}},"type":"if","locations":[{"start":{"line":270,"column":8},"end":{"line":272,"column":null}},{"start":{},"end":{}}],"line":270},"22":{"loc":{"start":{"line":311,"column":9},"end":{"line":335,"column":null}},"type":"cond-expr","locations":[{"start":{"line":312,"column":10},"end":{"line":314,"column":null}},{"start":{"line":316,"column":10},"end":{"line":335,"column":null}}],"line":311},"23":{"loc":{"start":{"line":319,"column":38},"end":{"line":319,"column":91}},"type":"cond-expr","locations":[{"start":{"line":319,"column":60},"end":{"line":319,"column":76}},{"start":{"line":319,"column":76},"end":{"line":319,"column":91}}],"line":319},"24":{"loc":{"start":{"line":323,"column":16},"end":{"line":325,"column":90}},"type":"cond-expr","locations":[{"start":{"line":324,"column":18},"end":{"line":324,"column":null}},{"start":{"line":325,"column":18},"end":{"line":325,"column":90}}],"line":323},"25":{"loc":{"start":{"line":328,"column":40},"end":{"line":328,"column":62}},"type":"cond-expr","locations":[{"start":{"line":328,"column":48},"end":{"line":328,"column":57}},{"start":{"line":328,"column":57},"end":{"line":328,"column":62}}],"line":328},"26":{"loc":{"start":{"line":330,"column":68},"end":{"line":330,"column":116}},"type":"cond-expr","locations":[{"start":{"line":330,"column":90},"end":{"line":330,"column":105}},{"start":{"line":330,"column":105},"end":{"line":330,"column":116}}],"line":330},"27":{"loc":{"start":{"line":337,"column":9},"end":{"line":343,"column":null}},"type":"binary-expr","locations":[{"start":{"line":337,"column":9},"end":{"line":337,"column":null}},{"start":{"line":338,"column":10},"end":{"line":343,"column":null}}],"line":337},"28":{"loc":{"start":{"line":351,"column":9},"end":{"line":361,"column":null}},"type":"binary-expr","locations":[{"start":{"line":351,"column":9},"end":{"line":351,"column":null}},{"start":{"line":352,"column":12},"end":{"line":361,"column":null}}],"line":351},"29":{"loc":{"start":{"line":391,"column":27},"end":{"line":391,"column":null}},"type":"binary-expr","locations":[{"start":{"line":391,"column":27},"end":{"line":391,"column":48}},{"start":{"line":391,"column":48},"end":{"line":391,"column":64}},{"start":{"line":391,"column":64},"end":{"line":391,"column":null}}],"line":391},"30":{"loc":{"start":{"line":394,"column":23},"end":{"line":396,"column":64}},"type":"cond-expr","locations":[{"start":{"line":395,"column":26},"end":{"line":395,"column":null}},{"start":{"line":396,"column":26},"end":{"line":396,"column":64}}],"line":394},"31":{"loc":{"start":{"line":394,"column":23},"end":{"line":394,"column":null}},"type":"binary-expr","locations":[{"start":{"line":394,"column":23},"end":{"line":394,"column":44}},{"start":{"line":394,"column":44},"end":{"line":394,"column":60}},{"start":{"line":394,"column":60},"end":{"line":394,"column":null}}],"line":394}},"s":{"0":1,"1":0,"2":0,"3":0,"4":0,"5":0,"6":0,"7":0,"8":0,"9":0,"10":0,"11":0,"12":0,"13":0,"14":0,"15":0,"16":0,"17":0,"18":0,"19":0,"20":0,"21":0,"22":0,"23":0,"24":0,"25":0,"26":0,"27":0,"28":0,"29":0,"30":0,"31":0,"32":0,"33":0,"34":0,"35":0,"36":0,"37":0,"38":0,"39":0,"40":0,"41":0,"42":0,"43":0,"44":0,"45":0,"46":0,"47":0,"48":0,"49":0,"50":0,"51":0,"52":0,"53":0,"54":0,"55":0,"56":0,"57":0,"58":0,"59":0,"60":0,"61":0,"62":0,"63":0,"64":0,"65":0,"66":0,"67":0,"68":0,"69":0,"70":0,"71":0,"72":0,"73":0,"74":0,"75":0,"76":0,"77":0,"78":0,"79":0,"80":0,"81":0,"82":0,"83":0,"84":0,"85":0,"86":0,"87":0,"88":0,"89":0,"90":0,"91":0,"92":0,"93":0,"94":0,"95":0,"96":0,"97":0,"98":0,"99":0,"100":0,"101":0,"102":0,"103":0,"104":0,"105":0,"106":0,"107":0,"108":0,"109":0,"110":0,"111":0,"112":0,"113":0},"f":{"0":0,"1":0,"2":0,"3":0,"4":0,"5":0,"6":0,"7":0,"8":0,"9":0,"10":0,"11":0,"12":0,"13":0,"14":0,"15":0,"16":0,"17":0,"18":0,"19":0,"20":0,"21":0,"22":0},"b":{"0":[0,0],"1":[0,0],"2":[0,0],"3":[0,0],"4":[0,0],"5":[0,0],"6":[0,0],"7":[0,0],"8":[0,0],"9":[0,0],"10":[0,0],"11":[0,0],"12":[0,0],"13":[0,0],"14":[0,0,0],"15":[0,0],"16":[0,0],"17":[0,0],"18":[0,0],"19":[0,0],"20":[0,0],"21":[0,0],"22":[0,0],"23":[0,0],"24":[0,0],"25":[0,0],"26":[0,0],"27":[0,0],"28":[0,0],"29":[0,0,0],"30":[0,0],"31":[0,0,0]},"meta":{"lastBranch":32,"lastFunction":23,"lastStatement":114,"seen":{"s:9:28:408:Infinity":0,"f:9:28:9:34":0,"s:10:27:10:Infinity":1,"s:11:30:18:Infinity":2,"s:19:32:19:Infinity":3,"s:20:32:20:Infinity":4,"s:21:46:21:Infinity":5,"s:22:34:22:Infinity":6,"s:23:8:23:Infinity":7,"s:24:8:24:Infinity":8,"s:26:25:28:Infinity":9,"f:26:25:26:31":1,"s:27:4:27:Infinity":10,"s:30:2:32:Infinity":11,"f:30:12:30:18":2,"s:31:4:31:Infinity":12,"s:35:2:41:Infinity":13,"f:35:12:35:18":3,"b:36:4:40:Infinity:38:11:40:Infinity":0,"s:36:4:40:Infinity":14,"s:37:6:37:Infinity":15,"s:39:6:39:Infinity":16,"s:43:26:97:Infinity":17,"f:43:26:43:38":4,"b:44:4:44:Infinity:undefined:undefined:undefined:undefined":1,"s:44:4:44:Infinity":18,"s:44:15:44:Infinity":19,"s:46:4:96:Infinity":20,"s:47:6:47:Infinity":21,"s:48:23:48:Infinity":22,"b:48:23:48:62:48:62:48:Infinity":2,"f:48:34:48:39":5,"s:48:39:48:57":23,"s:49:26:49:Infinity":24,"s:52:24:52:Infinity":25,"s:53:6:53:Infinity":26,"s:55:30:60:Infinity":27,"b:62:6:66:Infinity:undefined:undefined:undefined:undefined":3,"s:62:6:66:Infinity":28,"s:63:8:63:Infinity":29,"s:64:8:64:Infinity":30,"s:65:8:65:Infinity":31,"b:68:6:91:Infinity:undefined:undefined:undefined:undefined":4,"s:68:6:91:Infinity":32,"b:68:10:68:18:68:18:68:35":5,"s:69:46:74:Infinity":33,"f:69:55:69:63":6,"s:69:63:74:10":34,"s:77:27:77:Infinity":35,"f:77:47:77:52":7,"s:77:52:77:70":36,"b:78:8:90:Infinity:88:15:90:Infinity":6,"s:78:8:90:Infinity":37,"s:79:10:87:Infinity":38,"s:89:10:89:Infinity":39,"s:93:6:93:Infinity":40,"s:95:6:95:Infinity":41,"s:99:22:119:Infinity":42,"f:99:22:99:29":8,"b:100:4:100:Infinity:undefined:undefined:undefined:undefined":7,"s:100:4:100:Infinity":43,"s:100:15:100:Infinity":44,"s:102:4:118:Infinity":45,"s:103:24:111:Infinity":46,"b:109:27:109:45:109:45:109:Infinity":8,"b:110:32:110:54:110:54:110:Infinity":9,"b:113:6:115:Infinity:undefined:undefined:undefined:undefined":10,"s:113:6:115:Infinity":47,"s:114:8:114:Infinity":48,"s:117:6:117:Infinity":49,"s:121:27:142:Infinity":50,"f:121:27:121:34":9,"s:122:17:122:Infinity":51,"b:123:4:123:Infinity:undefined:undefined:undefined:undefined":11,"s:123:4:123:Infinity":52,"s:123:15:123:Infinity":53,"s:126:19:126:Infinity":54,"s:127:4:137:Infinity":55,"f:127:23:127:29":10,"s:128:29:128:Infinity":56,"s:130:27:130:Infinity":57,"s:132:8:136:Infinity":58,"s:138:4:138:Infinity":59,"b:141:4:141:Infinity:undefined:undefined:undefined:undefined":12,"s:141:4:141:Infinity":60,"s:141:30:141:Infinity":61,"s:144:27:146:Infinity":62,"f:144:27:144:33":11,"s:145:4:145:Infinity":63,"s:148:21:251:Infinity":64,"f:148:21:148:33":12,"b:149:4:149:Infinity:undefined:undefined:undefined:undefined":13,"s:149:4:149:Infinity":65,"b:149:9:149:30:149:30:149:46:149:46:149:57":14,"s:149:57:149:Infinity":66,"s:151:37:156:Infinity":67,"b:154:25:154:72:154:72:154:Infinity":15,"s:158:4:158:Infinity":68,"f:158:16:158:24":13,"s:158:24:158:46":69,"s:159:4:159:Infinity":70,"s:160:30:160:Infinity":71,"s:161:4:161:Infinity":72,"s:162:4:162:Infinity":73,"s:165:4:165:Infinity":74,"s:167:4:250:Infinity":75,"s:168:17:168:Infinity":76,"s:170:32:170:Infinity":77,"s:187:22:190:Infinity":78,"f:187:35:187:43":14,"s:187:43:190:8":79,"s:192:19:199:Infinity":80,"b:203:6:219:Infinity:215:13:219:Infinity":16,"s:203:6:219:Infinity":81,"s:204:10:214:Infinity":82,"b:206:26:206:39:206:39:206:71":17,"s:216:10:218:Infinity":83,"s:222:21:222:Infinity":84,"s:224:40:229:Infinity":85,"s:231:6:231:Infinity":86,"f:231:18:231:26":15,"s:231:26:231:49":87,"s:234:6:234:Infinity":88,"s:237:6:237:Infinity":89,"s:238:40:243:Infinity":90,"s:244:6:244:Infinity":91,"f:244:18:244:26":16,"s:244:26:244:49":92,"s:247:6:247:Infinity":93,"s:249:6:249:Infinity":94,"s:253:25:258:Infinity":95,"f:253:25:253:26":17,"b:254:4:257:Infinity:undefined:undefined:undefined:undefined":18,"s:254:4:257:Infinity":96,"b:254:8:254:29:254:29:254:42":19,"s:255:6:255:Infinity":97,"s:256:6:256:Infinity":98,"s:260:22:284:Infinity":99,"f:260:22:260:34":18,"b:261:6:261:Infinity:undefined:undefined:undefined:undefined":20,"s:261:6:261:Infinity":100,"s:261:17:261:Infinity":101,"s:264:6:275:Infinity":102,"s:265:26:268:Infinity":103,"b:270:8:272:Infinity:undefined:undefined:undefined:undefined":21,"s:270:8:272:Infinity":104,"s:271:10:271:Infinity":105,"s:274:8:274:Infinity":106,"s:277:6:282:Infinity":107,"s:283:6:283:Infinity":108,"s:286:2:406:Infinity":109,"b:312:10:314:Infinity:316:10:335:Infinity":22,"f:316:23:316:24":19,"s:317:10:334:Infinity":110,"b:319:60:319:76:319:76:319:91":23,"b:324:18:324:Infinity:325:18:325:90":24,"f:327:40:327:41":20,"s:328:18:328:Infinity":111,"b:328:48:328:57:328:57:328:62":25,"b:330:90:330:105:330:105:330:116":26,"b:337:9:337:Infinity:338:10:343:Infinity":27,"b:351:9:351:Infinity:352:12:361:Infinity":28,"f:373:25:373:31":21,"s:373:31:373:Infinity":112,"f:382:26:382:27":22,"s:382:33:382:Infinity":113,"b:391:27:391:48:391:48:391:64:391:64:391:Infinity":29,"b:395:26:395:Infinity:396:26:396:64":30,"b:394:23:394:44:394:44:394:60:394:60:394:Infinity":31}}}
,"C:\\pecuaria\\agents\\MarketTrends.tsx": {"path":"C:\\pecuaria\\agents\\MarketTrends.tsx","statementMap":{"0":{"start":{"line":5,"column":31},"end":{"line":90,"column":null}},"1":{"start":{"line":7,"column":20},"end":{"line":14,"column":null}},"2":{"start":{"line":16,"column":26},"end":{"line":20,"column":null}},"3":{"start":{"line":22,"column":2},"end":{"line":88,"column":null}}},"fnMap":{"0":{"name":"(anonymous_0)","decl":{"start":{"line":5,"column":31},"end":{"line":5,"column":37}},"loc":{"start":{"line":5,"column":37},"end":{"line":90,"column":null}},"line":5}},"branchMap":{},"s":{"0":1,"1":0,"2":0,"3":0},"f":{"0":0},"b":{},"meta":{"lastBranch":0,"lastFunction":1,"lastStatement":4,"seen":{"s:5:31:90:Infinity":0,"f:5:31:5:37":0,"s:7:20:14:Infinity":1,"s:16:26:20:Infinity":2,"s:22:2:88:Infinity":3}}}
,"C:\\pecuaria\\components\\ErrorBoundary.tsx": {"path":"C:\\pecuaria\\components\\ErrorBoundary.tsx","statementMap":{"0":{"start":{"line":16,"column":4},"end":{"line":16,"column":null}},"1":{"start":{"line":36,"column":2},"end":{"line":41,"column":null}},"2":{"start":{"line":37,"column":4},"end":{"line":40,"column":null}},"3":{"start":{"line":17,"column":4},"end":{"line":20,"column":null}},"4":{"start":{"line":24,"column":4},"end":{"line":27,"column":null}},"5":{"start":{"line":31,"column":4},"end":{"line":31,"column":null}},"6":{"start":{"line":44,"column":4},"end":{"line":79,"column":null}},"7":{"start":{"line":45,"column":6},"end":{"line":47,"column":null}},"8":{"start":{"line":46,"column":8},"end":{"line":46,"column":null}},"9":{"start":{"line":49,"column":6},"end":{"line":77,"column":null}},"10":{"start":{"line":81,"column":4},"end":{"line":81,"column":null}}},"fnMap":{"0":{"name":"(anonymous_0)","decl":{"start":{"line":15,"column":2},"end":{"line":15,"column":14}},"loc":{"start":{"line":15,"column":28},"end":{"line":21,"column":null}},"line":15},"1":{"name":"(anonymous_1)","decl":{"start":{"line":36,"column":16},"end":{"line":36,"column":22}},"loc":{"start":{"line":36,"column":22},"end":{"line":41,"column":null}},"line":36},"2":{"name":"(anonymous_2)","decl":{"start":{"line":23,"column":9},"end":{"line":23,"column":34}},"loc":{"start":{"line":23,"column":55},"end":{"line":28,"column":null}},"line":23},"3":{"name":"(anonymous_3)","decl":{"start":{"line":30,"column":2},"end":{"line":30,"column":20}},"loc":{"start":{"line":30,"column":56},"end":{"line":34,"column":null}},"line":30},"4":{"name":"(anonymous_4)","decl":{"start":{"line":43,"column":2},"end":{"line":43,"column":11}},"loc":{"start":{"line":43,"column":11},"end":{"line":82,"column":null}},"line":43}},"branchMap":{"0":{"loc":{"start":{"line":44,"column":4},"end":{"line":79,"column":null}},"type":"if","locations":[{"start":{"line":44,"column":4},"end":{"line":79,"column":null}},{"start":{},"end":{}}],"line":44},"1":{"loc":{"start":{"line":45,"column":6},"end":{"line":47,"column":null}},"type":"if","locations":[{"start":{"line":45,"column":6},"end":{"line":47,"column":null}},{"start":{},"end":{}}],"line":45},"2":{"loc":{"start":{"line":59,"column":13},"end":{"line":67,"column":null}},"type":"binary-expr","locations":[{"start":{"line":59,"column":13},"end":{"line":59,"column":null}},{"start":{"line":60,"column":14},"end":{"line":67,"column":null}}],"line":59}},"s":{"0":0,"1":0,"2":0,"3":0,"4":0,"5":0,"6":0,"7":0,"8":0,"9":0,"10":0},"f":{"0":0,"1":0,"2":1,"3":0,"4":0},"b":{"0":[0,0],"1":[0,0],"2":[0,0]},"meta":{"lastBranch":3,"lastFunction":5,"lastStatement":11,"seen":{"f:15:2:15:14":0,"s:16:4:16:Infinity":0,"s:36:2:41:Infinity":1,"f:36:16:36:22":1,"s:37:4:40:Infinity":2,"s:17:4:20:Infinity":3,"f:23:9:23:34":2,"s:24:4:27:Infinity":4,"f:30:2:30:20":3,"s:31:4:31:Infinity":5,"f:43:2:43:11":4,"b:44:4:79:Infinity:undefined:undefined:undefined:undefined":0,"s:44:4:79:Infinity":6,"b:45:6:47:Infinity:undefined:undefined:undefined:undefined":1,"s:45:6:47:Infinity":7,"s:46:8:46:Infinity":8,"s:49:6:77:Infinity":9,"b:59:13:59:Infinity:60:14:67:Infinity":2,"s:81:4:81:Infinity":10}}}
,"C:\\pecuaria\\components\\LoginPage.tsx": {"path":"C:\\pecuaria\\components\\LoginPage.tsx","statementMap":{"0":{"start":{"line":5,"column":28},"end":{"line":339,"column":null}},"1":{"start":{"line":6,"column":41},"end":{"line":6,"column":null}},"2":{"start":{"line":7,"column":30},"end":{"line":7,"column":null}},"3":{"start":{"line":8,"column":24},"end":{"line":8,"column":null}},"4":{"start":{"line":9,"column":30},"end":{"line":9,"column":null}},"5":{"start":{"line":10,"column":44},"end":{"line":10,"column":null}},"6":{"start":{"line":11,"column":22},"end":{"line":11,"column":null}},"7":{"start":{"line":12,"column":46},"end":{"line":12,"column":null}},"8":{"start":{"line":13,"column":24},"end":{"line":13,"column":null}},"9":{"start":{"line":14,"column":38},"end":{"line":14,"column":null}},"10":{"start":{"line":15,"column":42},"end":{"line":15,"column":null}},"11":{"start":{"line":17,"column":23},"end":{"line":65,"column":null}},"12":{"start":{"line":18,"column":4},"end":{"line":18,"column":null}},"13":{"start":{"line":19,"column":4},"end":{"line":19,"column":null}},"14":{"start":{"line":20,"column":4},"end":{"line":20,"column":null}},"15":{"start":{"line":22,"column":4},"end":{"line":64,"column":null}},"16":{"start":{"line":24,"column":6},"end":{"line":28,"column":null}},"17":{"start":{"line":25,"column":8},"end":{"line":25,"column":null}},"18":{"start":{"line":26,"column":8},"end":{"line":26,"column":null}},"19":{"start":{"line":27,"column":8},"end":{"line":27,"column":null}},"20":{"start":{"line":30,"column":6},"end":{"line":34,"column":null}},"21":{"start":{"line":31,"column":8},"end":{"line":31,"column":null}},"22":{"start":{"line":32,"column":8},"end":{"line":32,"column":null}},"23":{"start":{"line":33,"column":8},"end":{"line":33,"column":null}},"24":{"start":{"line":36,"column":6},"end":{"line":40,"column":null}},"25":{"start":{"line":37,"column":8},"end":{"line":37,"column":null}},"26":{"start":{"line":38,"column":8},"end":{"line":38,"column":null}},"27":{"start":{"line":39,"column":8},"end":{"line":39,"column":null}},"28":{"start":{"line":42,"column":21},"end":{"line":42,"column":null}},"29":{"start":{"line":44,"column":6},"end":{"line":51,"column":null}},"30":{"start":{"line":45,"column":8},"end":{"line":45,"column":null}},"31":{"start":{"line":46,"column":8},"end":{"line":46,"column":null}},"32":{"start":{"line":50,"column":8},"end":{"line":50,"column":null}},"33":{"start":{"line":54,"column":22},"end":{"line":54,"column":null}},"34":{"start":{"line":56,"column":6},"end":{"line":63,"column":null}},"35":{"start":{"line":57,"column":8},"end":{"line":57,"column":null}},"36":{"start":{"line":58,"column":8},"end":{"line":58,"column":null}},"37":{"start":{"line":62,"column":8},"end":{"line":62,"column":null}},"38":{"start":{"line":67,"column":27},"end":{"line":76,"column":null}},"39":{"start":{"line":68,"column":4},"end":{"line":75,"column":null}},"40":{"start":{"line":69,"column":6},"end":{"line":69,"column":null}},"41":{"start":{"line":70,"column":6},"end":{"line":70,"column":null}},"42":{"start":{"line":71,"column":6},"end":{"line":71,"column":null}},"43":{"start":{"line":73,"column":6},"end":{"line":73,"column":null}},"44":{"start":{"line":74,"column":6},"end":{"line":74,"column":null}},"45":{"start":{"line":79,"column":25},"end":{"line":79,"column":null}},"46":{"start":{"line":80,"column":30},"end":{"line":80,"column":null}},"47":{"start":{"line":82,"column":2},"end":{"line":337,"column":null}},"48":{"start":{"line":113,"column":24},"end":{"line":113,"column":null}},"49":{"start":{"line":114,"column":24},"end":{"line":114,"column":null}},"50":{"start":{"line":115,"column":24},"end":{"line":115,"column":null}},"51":{"start":{"line":116,"column":24},"end":{"line":116,"column":null}},"52":{"start":{"line":117,"column":24},"end":{"line":117,"column":null}},"53":{"start":{"line":118,"column":24},"end":{"line":118,"column":null}},"54":{"start":{"line":131,"column":24},"end":{"line":131,"column":null}},"55":{"start":{"line":132,"column":24},"end":{"line":132,"column":null}},"56":{"start":{"line":133,"column":24},"end":{"line":133,"column":null}},"57":{"start":{"line":134,"column":24},"end":{"line":134,"column":null}},"58":{"start":{"line":158,"column":49},"end":{"line":158,"column":null}},"59":{"start":{"line":176,"column":45},"end":{"line":176,"column":null}},"60":{"start":{"line":198,"column":45},"end":{"line":198,"column":null}},"61":{"start":{"line":230,"column":53},"end":{"line":230,"column":null}},"62":{"start":{"line":254,"column":53},"end":{"line":254,"column":null}},"63":{"start":{"line":305,"column":43},"end":{"line":305,"column":null}},"64":{"start":{"line":331,"column":60},"end":{"line":331,"column":80}},"65":{"start":{"line":333,"column":61},"end":{"line":333,"column":80}}},"fnMap":{"0":{"name":"(anonymous_0)","decl":{"start":{"line":5,"column":28},"end":{"line":5,"column":34}},"loc":{"start":{"line":5,"column":34},"end":{"line":339,"column":null}},"line":5},"1":{"name":"(anonymous_1)","decl":{"start":{"line":17,"column":23},"end":{"line":17,"column":30}},"loc":{"start":{"line":17,"column":53},"end":{"line":65,"column":null}},"line":17},"2":{"name":"(anonymous_2)","decl":{"start":{"line":67,"column":27},"end":{"line":67,"column":34}},"loc":{"start":{"line":67,"column":57},"end":{"line":76,"column":null}},"line":67},"3":{"name":"(anonymous_3)","decl":{"start":{"line":112,"column":29},"end":{"line":112,"column":35}},"loc":{"start":{"line":112,"column":35},"end":{"line":119,"column":null}},"line":112},"4":{"name":"(anonymous_4)","decl":{"start":{"line":130,"column":29},"end":{"line":130,"column":35}},"loc":{"start":{"line":130,"column":35},"end":{"line":135,"column":null}},"line":130},"5":{"name":"(anonymous_5)","decl":{"start":{"line":158,"column":42},"end":{"line":158,"column":43}},"loc":{"start":{"line":158,"column":49},"end":{"line":158,"column":null}},"line":158},"6":{"name":"(anonymous_6)","decl":{"start":{"line":176,"column":38},"end":{"line":176,"column":39}},"loc":{"start":{"line":176,"column":45},"end":{"line":176,"column":null}},"line":176},"7":{"name":"(anonymous_7)","decl":{"start":{"line":198,"column":38},"end":{"line":198,"column":39}},"loc":{"start":{"line":198,"column":45},"end":{"line":198,"column":null}},"line":198},"8":{"name":"(anonymous_8)","decl":{"start":{"line":230,"column":46},"end":{"line":230,"column":47}},"loc":{"start":{"line":230,"column":53},"end":{"line":230,"column":null}},"line":230},"9":{"name":"(anonymous_9)","decl":{"start":{"line":254,"column":46},"end":{"line":254,"column":47}},"loc":{"start":{"line":254,"column":53},"end":{"line":254,"column":null}},"line":254},"10":{"name":"(anonymous_10)","decl":{"start":{"line":305,"column":37},"end":{"line":305,"column":43}},"loc":{"start":{"line":305,"column":43},"end":{"line":305,"column":null}},"line":305},"11":{"name":"(anonymous_11)","decl":{"start":{"line":331,"column":54},"end":{"line":331,"column":60}},"loc":{"start":{"line":331,"column":60},"end":{"line":331,"column":80}},"line":331},"12":{"name":"(anonymous_12)","decl":{"start":{"line":333,"column":55},"end":{"line":333,"column":61}},"loc":{"start":{"line":333,"column":61},"end":{"line":333,"column":80}},"line":333}},"branchMap":{"0":{"loc":{"start":{"line":22,"column":4},"end":{"line":64,"column":null}},"type":"if","locations":[{"start":{"line":22,"column":4},"end":{"line":64,"column":null}},{"start":{"line":52,"column":11},"end":{"line":64,"column":null}}],"line":22},"1":{"loc":{"start":{"line":24,"column":6},"end":{"line":28,"column":null}},"type":"if","locations":[{"start":{"line":24,"column":6},"end":{"line":28,"column":null}},{"start":{},"end":{}}],"line":24},"2":{"loc":{"start":{"line":30,"column":6},"end":{"line":34,"column":null}},"type":"if","locations":[{"start":{"line":30,"column":6},"end":{"line":34,"column":null}},{"start":{},"end":{}}],"line":30},"3":{"loc":{"start":{"line":36,"column":6},"end":{"line":40,"column":null}},"type":"if","locations":[{"start":{"line":36,"column":6},"end":{"line":40,"column":null}},{"start":{},"end":{}}],"line":36},"4":{"loc":{"start":{"line":44,"column":6},"end":{"line":51,"column":null}},"type":"if","locations":[{"start":{"line":44,"column":6},"end":{"line":51,"column":null}},{"start":{"line":47,"column":13},"end":{"line":51,"column":null}}],"line":44},"5":{"loc":{"start":{"line":45,"column":17},"end":{"line":45,"column":72}},"type":"binary-expr","locations":[{"start":{"line":45,"column":17},"end":{"line":45,"column":33}},{"start":{"line":45,"column":33},"end":{"line":45,"column":72}}],"line":45},"6":{"loc":{"start":{"line":56,"column":6},"end":{"line":63,"column":null}},"type":"if","locations":[{"start":{"line":56,"column":6},"end":{"line":63,"column":null}},{"start":{"line":59,"column":13},"end":{"line":63,"column":null}}],"line":56},"7":{"loc":{"start":{"line":79,"column":25},"end":{"line":79,"column":null}},"type":"cond-expr","locations":[{"start":{"line":79,"column":37},"end":{"line":79,"column":95}},{"start":{"line":79,"column":95},"end":{"line":79,"column":null}}],"line":79},"8":{"loc":{"start":{"line":79,"column":37},"end":{"line":79,"column":95}},"type":"binary-expr","locations":[{"start":{"line":79,"column":37},"end":{"line":79,"column":63}},{"start":{"line":79,"column":63},"end":{"line":79,"column":95}}],"line":79},"9":{"loc":{"start":{"line":80,"column":30},"end":{"line":80,"column":null}},"type":"cond-expr","locations":[{"start":{"line":80,"column":42},"end":{"line":80,"column":85}},{"start":{"line":80,"column":85},"end":{"line":80,"column":null}}],"line":80},"10":{"loc":{"start":{"line":80,"column":42},"end":{"line":80,"column":85}},"type":"binary-expr","locations":[{"start":{"line":80,"column":42},"end":{"line":80,"column":61}},{"start":{"line":80,"column":61},"end":{"line":80,"column":85}}],"line":80},"11":{"loc":{"start":{"line":99,"column":21},"end":{"line":99,"column":null}},"type":"cond-expr","locations":[{"start":{"line":99,"column":32},"end":{"line":99,"column":53}},{"start":{"line":99,"column":53},"end":{"line":99,"column":null}}],"line":99},"12":{"loc":{"start":{"line":102,"column":21},"end":{"line":104,"column":null}},"type":"cond-expr","locations":[{"start":{"line":103,"column":26},"end":{"line":103,"column":null}},{"start":{"line":104,"column":26},"end":{"line":104,"column":null}}],"line":102},"13":{"loc":{"start":{"line":121,"column":24},"end":{"line":123,"column":null}},"type":"cond-expr","locations":[{"start":{"line":122,"column":30},"end":{"line":122,"column":null}},{"start":{"line":123,"column":30},"end":{"line":123,"column":null}}],"line":121},"14":{"loc":{"start":{"line":137,"column":24},"end":{"line":139,"column":null}},"type":"cond-expr","locations":[{"start":{"line":138,"column":30},"end":{"line":138,"column":null}},{"start":{"line":139,"column":30},"end":{"line":139,"column":null}}],"line":137},"15":{"loc":{"start":{"line":147,"column":17},"end":{"line":163,"column":null}},"type":"binary-expr","locations":[{"start":{"line":147,"column":17},"end":{"line":147,"column":null}},{"start":{"line":148,"column":20},"end":{"line":163,"column":null}}],"line":147},"16":{"loc":{"start":{"line":186,"column":25},"end":{"line":187,"column":null}},"type":"binary-expr","locations":[{"start":{"line":186,"column":25},"end":{"line":186,"column":37}},{"start":{"line":186,"column":37},"end":{"line":186,"column":49}},{"start":{"line":186,"column":49},"end":{"line":186,"column":null}},{"start":{"line":187,"column":28},"end":{"line":187,"column":null}}],"line":186},"17":{"loc":{"start":{"line":200,"column":32},"end":{"line":202,"column":null}},"type":"cond-expr","locations":[{"start":{"line":201,"column":38},"end":{"line":201,"column":null}},{"start":{"line":202,"column":38},"end":{"line":202,"column":null}}],"line":200},"18":{"loc":{"start":{"line":200,"column":32},"end":{"line":200,"column":null}},"type":"binary-expr","locations":[{"start":{"line":200,"column":32},"end":{"line":200,"column":44}},{"start":{"line":200,"column":44},"end":{"line":200,"column":56}},{"start":{"line":200,"column":56},"end":{"line":200,"column":null}}],"line":200},"19":{"loc":{"start":{"line":204,"column":41},"end":{"line":204,"column":null}},"type":"cond-expr","locations":[{"start":{"line":204,"column":52},"end":{"line":204,"column":76}},{"start":{"line":204,"column":76},"end":{"line":204,"column":null}}],"line":204},"20":{"loc":{"start":{"line":205,"column":39},"end":{"line":205,"column":null}},"type":"cond-expr","locations":[{"start":{"line":205,"column":50},"end":{"line":205,"column":54}},{"start":{"line":205,"column":54},"end":{"line":205,"column":null}}],"line":205},"21":{"loc":{"start":{"line":210,"column":17},"end":{"line":260,"column":null}},"type":"binary-expr","locations":[{"start":{"line":210,"column":17},"end":{"line":210,"column":null}},{"start":{"line":211,"column":20},"end":{"line":260,"column":null}}],"line":210},"22":{"loc":{"start":{"line":215,"column":33},"end":{"line":216,"column":null}},"type":"binary-expr","locations":[{"start":{"line":215,"column":33},"end":{"line":215,"column":52}},{"start":{"line":215,"column":52},"end":{"line":215,"column":null}},{"start":{"line":216,"column":36},"end":{"line":216,"column":null}}],"line":215},"23":{"loc":{"start":{"line":218,"column":33},"end":{"line":219,"column":null}},"type":"binary-expr","locations":[{"start":{"line":218,"column":33},"end":{"line":218,"column":52}},{"start":{"line":218,"column":52},"end":{"line":218,"column":70}},{"start":{"line":218,"column":70},"end":{"line":218,"column":null}},{"start":{"line":219,"column":36},"end":{"line":219,"column":null}}],"line":218},"24":{"loc":{"start":{"line":232,"column":40},"end":{"line":236,"column":null}},"type":"cond-expr","locations":[{"start":{"line":233,"column":46},"end":{"line":233,"column":null}},{"start":{"line":234,"column":46},"end":{"line":236,"column":null}}],"line":232},"25":{"loc":{"start":{"line":232,"column":40},"end":{"line":232,"column":null}},"type":"binary-expr","locations":[{"start":{"line":232,"column":40},"end":{"line":232,"column":59}},{"start":{"line":232,"column":59},"end":{"line":232,"column":null}}],"line":232},"26":{"loc":{"start":{"line":234,"column":46},"end":{"line":236,"column":null}},"type":"cond-expr","locations":[{"start":{"line":235,"column":46},"end":{"line":235,"column":null}},{"start":{"line":236,"column":46},"end":{"line":236,"column":null}}],"line":234},"27":{"loc":{"start":{"line":234,"column":46},"end":{"line":234,"column":null}},"type":"binary-expr","locations":[{"start":{"line":234,"column":46},"end":{"line":234,"column":65}},{"start":{"line":234,"column":65},"end":{"line":234,"column":null}}],"line":234},"28":{"loc":{"start":{"line":263,"column":17},"end":{"line":266,"column":null}},"type":"binary-expr","locations":[{"start":{"line":263,"column":17},"end":{"line":263,"column":null}},{"start":{"line":264,"column":20},"end":{"line":266,"column":null}}],"line":263},"29":{"loc":{"start":{"line":272,"column":24},"end":{"line":274,"column":null}},"type":"binary-expr","locations":[{"start":{"line":272,"column":24},"end":{"line":272,"column":null}},{"start":{"line":273,"column":24},"end":{"line":273,"column":null}},{"start":{"line":274,"column":25},"end":{"line":274,"column":38}},{"start":{"line":274,"column":38},"end":{"line":274,"column":57}},{"start":{"line":274,"column":57},"end":{"line":274,"column":81}},{"start":{"line":274,"column":81},"end":{"line":274,"column":null}}],"line":272},"30":{"loc":{"start":{"line":278,"column":21},"end":{"line":284,"column":null}},"type":"cond-expr","locations":[{"start":{"line":279,"column":24},"end":{"line":279,"column":null}},{"start":{"line":281,"column":24},"end":{"line":284,"column":null}}],"line":278},"31":{"loc":{"start":{"line":282,"column":35},"end":{"line":282,"column":69}},"type":"cond-expr","locations":[{"start":{"line":282,"column":46},"end":{"line":282,"column":60}},{"start":{"line":282,"column":60},"end":{"line":282,"column":69}}],"line":282},"32":{"loc":{"start":{"line":289,"column":13},"end":{"line":324,"column":null}},"type":"binary-expr","locations":[{"start":{"line":289,"column":13},"end":{"line":289,"column":null}},{"start":{"line":290,"column":16},"end":{"line":324,"column":null}}],"line":289},"33":{"loc":{"start":{"line":306,"column":38},"end":{"line":306,"column":null}},"type":"binary-expr","locations":[{"start":{"line":306,"column":38},"end":{"line":306,"column":54}},{"start":{"line":306,"column":54},"end":{"line":306,"column":null}}],"line":306},"34":{"loc":{"start":{"line":309,"column":29},"end":{"line":320,"column":null}},"type":"cond-expr","locations":[{"start":{"line":310,"column":32},"end":{"line":310,"column":null}},{"start":{"line":312,"column":32},"end":{"line":320,"column":null}}],"line":309},"35":{"loc":{"start":{"line":330,"column":13},"end":{"line":333,"column":null}},"type":"cond-expr","locations":[{"start":{"line":331,"column":16},"end":{"line":331,"column":null}},{"start":{"line":333,"column":16},"end":{"line":333,"column":null}}],"line":330}},"s":{"0":1,"1":70,"2":70,"3":70,"4":70,"5":70,"6":70,"7":70,"8":70,"9":70,"10":70,"11":70,"12":1,"13":1,"14":1,"15":1,"16":0,"17":0,"18":0,"19":0,"20":0,"21":0,"22":0,"23":0,"24":0,"25":0,"26":0,"27":0,"28":0,"29":0,"30":0,"31":0,"32":0,"33":1,"34":1,"35":0,"36":0,"37":1,"38":70,"39":1,"40":1,"41":1,"42":1,"43":0,"44":0,"45":70,"46":70,"47":70,"48":0,"49":0,"50":0,"51":0,"52":0,"53":0,"54":3,"55":3,"56":3,"57":3,"58":9,"59":32,"60":16,"61":0,"62":0,"63":1,"64":0,"65":0},"f":{"0":70,"1":1,"2":1,"3":0,"4":3,"5":9,"6":32,"7":16,"8":0,"9":0,"10":1,"11":0,"12":0},"b":{"0":[0,1],"1":[0,0],"2":[0,0],"3":[0,0],"4":[0,0],"5":[0,0],"6":[0,1],"7":[33,37],"8":[33,0],"9":[33,37],"10":[33,5],"11":[33,37],"12":[33,37],"13":[37,33],"14":[33,37],"15":[70,33],"16":[70,33,5,5],"17":[5,65],"18":[70,33,5],"19":[33,37],"20":[33,37],"21":[70,33],"22":[33,0,0],"23":[33,0,0,0],"24":[0,33],"25":[33,0],"26":[0,33],"27":[33,0],"28":[70,0],"29":[70,69,68,33,33,28],"30":[1,69],"31":[33,36],"32":[70,37],"33":[37,36],"34":[1,36],"35":[33,37]},"meta":{"lastBranch":36,"lastFunction":13,"lastStatement":66,"seen":{"s:5:28:339:Infinity":0,"f:5:28:5:34":0,"s:6:41:6:Infinity":1,"s:7:30:7:Infinity":2,"s:8:24:8:Infinity":3,"s:9:30:9:Infinity":4,"s:10:44:10:Infinity":5,"s:11:22:11:Infinity":6,"s:12:46:12:Infinity":7,"s:13:24:13:Infinity":8,"s:14:38:14:Infinity":9,"s:15:42:15:Infinity":10,"s:17:23:65:Infinity":11,"f:17:23:17:30":1,"s:18:4:18:Infinity":12,"s:19:4:19:Infinity":13,"s:20:4:20:Infinity":14,"b:22:4:64:Infinity:52:11:64:Infinity":0,"s:22:4:64:Infinity":15,"b:24:6:28:Infinity:undefined:undefined:undefined:undefined":1,"s:24:6:28:Infinity":16,"s:25:8:25:Infinity":17,"s:26:8:26:Infinity":18,"s:27:8:27:Infinity":19,"b:30:6:34:Infinity:undefined:undefined:undefined:undefined":2,"s:30:6:34:Infinity":20,"s:31:8:31:Infinity":21,"s:32:8:32:Infinity":22,"s:33:8:33:Infinity":23,"b:36:6:40:Infinity:undefined:undefined:undefined:undefined":3,"s:36:6:40:Infinity":24,"s:37:8:37:Infinity":25,"s:38:8:38:Infinity":26,"s:39:8:39:Infinity":27,"s:42:21:42:Infinity":28,"b:44:6:51:Infinity:47:13:51:Infinity":4,"s:44:6:51:Infinity":29,"s:45:8:45:Infinity":30,"b:45:17:45:33:45:33:45:72":5,"s:46:8:46:Infinity":31,"s:50:8:50:Infinity":32,"s:54:22:54:Infinity":33,"b:56:6:63:Infinity:59:13:63:Infinity":6,"s:56:6:63:Infinity":34,"s:57:8:57:Infinity":35,"s:58:8:58:Infinity":36,"s:62:8:62:Infinity":37,"s:67:27:76:Infinity":38,"f:67:27:67:34":2,"s:68:4:75:Infinity":39,"s:69:6:69:Infinity":40,"s:70:6:70:Infinity":41,"s:71:6:71:Infinity":42,"s:73:6:73:Infinity":43,"s:74:6:74:Infinity":44,"s:79:25:79:Infinity":45,"b:79:37:79:95:79:95:79:Infinity":7,"b:79:37:79:63:79:63:79:95":8,"s:80:30:80:Infinity":46,"b:80:42:80:85:80:85:80:Infinity":9,"b:80:42:80:61:80:61:80:85":10,"s:82:2:337:Infinity":47,"b:99:32:99:53:99:53:99:Infinity":11,"b:103:26:103:Infinity:104:26:104:Infinity":12,"f:112:29:112:35":3,"s:113:24:113:Infinity":48,"s:114:24:114:Infinity":49,"s:115:24:115:Infinity":50,"s:116:24:116:Infinity":51,"s:117:24:117:Infinity":52,"s:118:24:118:Infinity":53,"b:122:30:122:Infinity:123:30:123:Infinity":13,"f:130:29:130:35":4,"s:131:24:131:Infinity":54,"s:132:24:132:Infinity":55,"s:133:24:133:Infinity":56,"s:134:24:134:Infinity":57,"b:138:30:138:Infinity:139:30:139:Infinity":14,"b:147:17:147:Infinity:148:20:163:Infinity":15,"f:158:42:158:43":5,"s:158:49:158:Infinity":58,"f:176:38:176:39":6,"s:176:45:176:Infinity":59,"b:186:25:186:37:186:37:186:49:186:49:186:Infinity:187:28:187:Infinity":16,"f:198:38:198:39":7,"s:198:45:198:Infinity":60,"b:201:38:201:Infinity:202:38:202:Infinity":17,"b:200:32:200:44:200:44:200:56:200:56:200:Infinity":18,"b:204:52:204:76:204:76:204:Infinity":19,"b:205:50:205:54:205:54:205:Infinity":20,"b:210:17:210:Infinity:211:20:260:Infinity":21,"b:215:33:215:52:215:52:215:Infinity:216:36:216:Infinity":22,"b:218:33:218:52:218:52:218:70:218:70:218:Infinity:219:36:219:Infinity":23,"f:230:46:230:47":8,"s:230:53:230:Infinity":61,"b:233:46:233:Infinity:234:46:236:Infinity":24,"b:232:40:232:59:232:59:232:Infinity":25,"b:235:46:235:Infinity:236:46:236:Infinity":26,"b:234:46:234:65:234:65:234:Infinity":27,"f:254:46:254:47":9,"s:254:53:254:Infinity":62,"b:263:17:263:Infinity:264:20:266:Infinity":28,"b:272:24:272:Infinity:273:24:273:Infinity:274:25:274:38:274:38:274:57:274:57:274:81:274:81:274:Infinity":29,"b:279:24:279:Infinity:281:24:284:Infinity":30,"b:282:46:282:60:282:60:282:69":31,"b:289:13:289:Infinity:290:16:324:Infinity":32,"f:305:37:305:43":10,"s:305:43:305:Infinity":63,"b:306:38:306:54:306:54:306:Infinity":33,"b:310:32:310:Infinity:312:32:320:Infinity":34,"b:331:16:331:Infinity:333:16:333:Infinity":35,"f:331:54:331:60":11,"s:331:60:331:80":64,"f:333:55:333:61":12,"s:333:61:333:80":65}}}
[...]
,"C:\\pecuaria\\lib\\supabase.ts": {"path":"C:\\pecuaria\\lib\\supabase.ts","statementMap":{"0":{"start":{"line":5,"column":6},"end":{"line":5,"column":null}},"1":{"start":{"line":7,"column":13},"end":{"line":13,"column":null}}},"fnMap":{},"branchMap":{},"s":{"0":5,"1":5},"f":{},"b":{},"meta":{"lastBranch":0,"lastFunction":0,"lastStatement":2,"seen":{"s:5:6:5:Infinity":0,"s:7:13:13:Infinity":1}}}
,"C:\\pecuaria\\lib\\auth\\createProfile.ts": {"path":"C:\\pecuaria\\lib\\auth\\createProfile.ts","statementMap":{"0":{"start":{"line":8,"column":42},"end":{"line":24,"column":null}},"1":{"start":{"line":9,"column":2},"end":{"line":23,"column":null}},"2":{"start":{"line":10,"column":28},"end":{"line":12,"column":null}},"3":{"start":{"line":14,"column":4},"end":{"line":17,"column":null}},"4":{"start":{"line":15,"column":6},"end":{"line":15,"column":null}},"5":{"start":{"line":16,"column":6},"end":{"line":16,"column":null}},"6":{"start":{"line":19,"column":4},"end":{"line":19,"column":null}},"7":{"start":{"line":21,"column":4},"end":{"line":21,"column":null}},"8":{"start":{"line":22,"column":4},"end":{"line":22,"column":null}}},"fnMap":{"0":{"name":"(anonymous_0)","decl":{"start":{"line":8,"column":42},"end":{"line":8,"column":49}},"loc":{"start":{"line":8,"column":86},"end":{"line":24,"column":null}},"line":8}},"branchMap":{"0":{"loc":{"start":{"line":14,"column":4},"end":{"line":17,"column":null}},"type":"if","locations":[{"start":{"line":14,"column":4},"end":{"line":17,"column":null}},{"start":{},"end":{}}],"line":14}},"s":{"0":4,"1":0,"2":0,"3":0,"4":0,"5":0,"6":0,"7":0,"8":0},"f":{"0":0},"b":{"0":[0,0]},"meta":{"lastBranch":1,"lastFunction":1,"lastStatement":9,"seen":{"s:8:42:24:Infinity":0,"f:8:42:8:49":0,"s:9:2:23:Infinity":1,"s:10:28:12:Infinity":2,"b:14:4:17:Infinity:undefined:undefined:undefined:undefined":0,"s:14:4:17:Infinity":3,"s:15:6:15:Infinity":4,"s:16:6:16:Infinity":5,"s:19:4:19:Infinity":6,"s:21:4:21:Infinity":7,"s:22:4:22:Infinity":8}}}
,"C:\\pecuaria\\lib\\auth\\loadUserProfile.ts": {"path":"C:\\pecuaria\\lib\\auth\\loadUserProfile.ts","statementMap":{"0":{"start":{"line":13,"column":31},"end":{"line":79,"column":null}},"1":{"start":{"line":18,"column":2},"end":{"line":76,"column":null}},"2":{"start":{"line":18,"column":15},"end":{"line":18,"column":18}},"3":{"start":{"line":19,"column":4},"end":{"line":75,"column":null}},"4":{"start":{"line":20,"column":39},"end":{"line":24,"column":null}},"5":{"start":{"line":26,"column":6},"end":{"line":64,"column":null}},"6":{"start":{"line":27,"column":8},"end":{"line":32,"column":null}},"7":{"start":{"line":35,"column":8},"end":{"line":53,"column":null}},"8":{"start":{"line":36,"column":10},"end":{"line":46,"column":null}},"9":{"start":{"line":38,"column":39},"end":{"line":38,"column":null}},"10":{"start":{"line":39,"column":12},"end":{"line":45,"column":null}},"11":{"start":{"line":40,"column":14},"end":{"line":40,"column":null}},"12":{"start":{"line":41,"column":14},"end":{"line":41,"column":null}},"13":{"start":{"line":43,"column":14},"end":{"line":43,"column":null}},"14":{"start":{"line":43,"column":43},"end":{"line":43,"column":68}},"15":{"start":{"line":44,"column":14},"end":{"line":44,"column":null}},"16":{"start":{"line":48,"column":10},"end":{"line":52,"column":null}},"17":{"start":{"line":49,"column":12},"end":{"line":49,"column":null}},"18":{"start":{"line":50,"column":12},"end":{"line":50,"column":null}},"19":{"start":{"line":50,"column":41},"end":{"line":50,"column":67}},"20":{"start":{"line":51,"column":12},"end":{"line":51,"column":null}},"21":{"start":{"line":57,"column":8},"end":{"line":61,"column":null}},"22":{"start":{"line":58,"column":10},"end":{"line":58,"column":null}},"23":{"start":{"line":59,"column":10},"end":{"line":59,"column":null}},"24":{"start":{"line":59,"column":39},"end":{"line":59,"column":69}},"25":{"start":{"line":60,"column":10},"end":{"line":60,"column":null}},"26":{"start":{"line":63,"column":8},"end":{"line":63,"column":null}},"27":{"start":{"line":66,"column":6},"end":{"line":69,"column":null}},"28":{"start":{"line":67,"column":8},"end":{"line":67,"column":null}},"29":{"start":{"line":68,"column":8},"end":{"line":68,"column":null}},"30":{"start":{"line":71,"column":6},"end":{"line":71,"column":null}},"31":{"start":{"line":72,"column":6},"end":{"line":74,"column":null}},"32":{"start":{"line":73,"column":8},"end":{"line":73,"column":null}},"33":{"start":{"line":73,"column":37},"end":{"line":73,"column":63}},"34":{"start":{"line":77,"column":2},"end":{"line":77,"column":null}},"35":{"start":{"line":78,"column":2},"end":{"line":78,"column":null}}},"fnMap":{"0":{"name":"(anonymous_0)","decl":{"start":{"line":13,"column":31},"end":{"line":13,"column":null}},"loc":{"start":{"line":17,"column":27},"end":{"line":79,"column":null}},"line":17},"1":{"name":"(anonymous_1)","decl":{"start":{"line":43,"column":32},"end":{"line":43,"column":43}},"loc":{"start":{"line":43,"column":43},"end":{"line":43,"column":68}},"line":43},"2":{"name":"(anonymous_2)","decl":{"start":{"line":50,"column":30},"end":{"line":50,"column":41}},"loc":{"start":{"line":50,"column":41},"end":{"line":50,"column":67}},"line":50},"3":{"name":"(anonymous_3)","decl":{"start":{"line":59,"column":28},"end":{"line":59,"column":39}},"loc":{"start":{"line":59,"column":39},"end":{"line":59,"column":69}},"line":59},"4":{"name":"(anonymous_4)","decl":{"start":{"line":73,"column":26},"end":{"line":73,"column":37}},"loc":{"start":{"line":73,"column":37},"end":{"line":73,"column":63}},"line":73}},"branchMap":{"0":{"loc":{"start":{"line":15,"column":2},"end":{"line":15,"column":null}},"type":"default-arg","locations":[{"start":{"line":15,"column":12},"end":{"line":15,"column":null}}],"line":15},"1":{"loc":{"start":{"line":16,"column":2},"end":{"line":16,"column":null}},"type":"default-arg","locations":[{"start":{"line":16,"column":10},"end":{"line":16,"column":null}}],"line":16},"2":{"loc":{"start":{"line":26,"column":6},"end":{"line":64,"column":null}},"type":"if","locations":[{"start":{"line":26,"column":6},"end":{"line":64,"column":null}},{"start":{},"end":{}}],"line":26},"3":{"loc":{"start":{"line":35,"column":8},"end":{"line":53,"column":null}},"type":"if","locations":[{"start":{"line":35,"column":8},"end":{"line":53,"column":null}},{"start":{},"end":{}}],"line":35},"4":{"loc":{"start":{"line":35,"column":12},"end":{"line":35,"column":77}},"type":"binary-expr","locations":[{"start":{"line":35,"column":12},"end":{"line":35,"column":41}},{"start":{"line":35,"column":41},"end":{"line":35,"column":77}}],"line":35},"5":{"loc":{"start":{"line":36,"column":10},"end":{"line":46,"column":null}},"type":"if","locations":[{"start":{"line":36,"column":10},"end":{"line":46,"column":null}},{"start":{},"end":{}}],"line":36},"6":{"loc":{"start":{"line":39,"column":12},"end":{"line":45,"column":null}},"type":"if","locations":[{"start":{"line":39,"column":12},"end":{"line":45,"column":null}},{"start":{},"end":{}}],"line":39},"7":{"loc":{"start":{"line":48,"column":10},"end":{"line":52,"column":null}},"type":"if","locations":[{"start":{"line":48,"column":10},"end":{"line":52,"column":null}},{"start":{},"end":{}}],"line":48},"8":{"loc":{"start":{"line":57,"column":8},"end":{"line":61,"column":null}},"type":"if","locations":[{"start":{"line":57,"column":8},"end":{"line":61,"column":null}},{"start":{},"end":{}}],"line":57},"9":{"loc":{"start":{"line":57,"column":12},"end":{"line":57,"column":94}},"type":"binary-expr","locations":[{"start":{"line":57,"column":12},"end":{"line":57,"column":32}},{"start":{"line":57,"column":32},"end":{"line":57,"column":61}},{"start":{"line":57,"column":61},"end":{"line":57,"column":94}}],"line":57},"10":{"loc":{"start":{"line":66,"column":6},"end":{"line":69,"column":null}},"type":"if","locations":[{"start":{"line":66,"column":6},"end":{"line":69,"column":null}},{"start":{},"end":{}}],"line":66},"11":{"loc":{"start":{"line":72,"column":6},"end":{"line":74,"column":null}},"type":"if","locations":[{"start":{"line":72,"column":6},"end":{"line":74,"column":null}},{"start":{},"end":{}}],"line":72}},"s":{"0":3,"1":0,"2":0,"3":0,"4":0,"5":0,"6":0,"7":0,"8":0,"9":0,"10":0,"11":0,"12":0,"13":0,"14":0,"15":0,"16":0,"17":0,"18":0,"19":0,"20":0,"21":0,"22":0,"23":0,"24":0,"25":0,"26":0,"27":0,"28":0,"29":0,"30":0,"31":0,"32":0,"33":0,"34":0,"35":0},"f":{"0":0,"1":0,"2":0,"3":0,"4":0},"b":{"0":[0],"1":[0],"2":[0,0],"3":[0,0],"4":[0,0],"5":[0,0],"6":[0,0],"7":[0,0],"8":[0,0],"9":[0,0,0],"10":[0,0],"11":[0,0]},"meta":{"lastBranch":12,"lastFunction":5,"lastStatement":36,"seen":{"s:13:31:79:Infinity":0,"f:13:31:13:Infinity":0,"b:15:12:15:Infinity":0,"b:16:10:16:Infinity":1,"s:18:2:76:Infinity":1,"s:18:15:18:18":2,"s:19:4:75:Infinity":3,"s:20:39:24:Infinity":4,"b:26:6:64:Infinity:undefined:undefined:undefined:undefined":2,"s:26:6:64:Infinity":5,"s:27:8:32:Infinity":6,"b:35:8:53:Infinity:undefined:undefined:undefined:undefined":3,"s:35:8:53:Infinity":7,"b:35:12:35:41:35:41:35:77":4,"b:36:10:46:Infinity:undefined:undefined:undefined:undefined":5,"s:36:10:46:Infinity":8,"s:38:39:38:Infinity":9,"b:39:12:45:Infinity:undefined:undefined:undefined:undefined":6,"s:39:12:45:Infinity":10,"s:40:14:40:Infinity":11,"s:41:14:41:Infinity":12,"s:43:14:43:Infinity":13,"f:43:32:43:43":1,"s:43:43:43:68":14,"s:44:14:44:Infinity":15,"b:48:10:52:Infinity:undefined:undefined:undefined:undefined":7,"s:48:10:52:Infinity":16,"s:49:12:49:Infinity":17,"s:50:12:50:Infinity":18,"f:50:30:50:41":2,"s:50:41:50:67":19,"s:51:12:51:Infinity":20,"b:57:8:61:Infinity:undefined:undefined:undefined:undefined":8,"s:57:8:61:Infinity":21,"b:57:12:57:32:57:32:57:61:57:61:57:94":9,"s:58:10:58:Infinity":22,"s:59:10:59:Infinity":23,"f:59:28:59:39":3,"s:59:39:59:69":24,"s:60:10:60:Infinity":25,"s:63:8:63:Infinity":26,"b:66:6:69:Infinity:undefined:undefined:undefined:undefined":10,"s:66:6:69:Infinity":27,"s:67:8:67:Infinity":28,"s:68:8:68:Infinity":29,"s:71:6:71:Infinity":30,"b:72:6:74:Infinity:undefined:undefined:undefined:undefined":11,"s:72:6:74:Infinity":31,"s:73:8:73:Infinity":32,"f:73:26:73:37":4,"s:73:37:73:63":33,"s:77:2:77:Infinity":34,"s:78:2:78:Infinity":35}}}
,"C:\\pecuaria\\lib\\auth\\mapUserProfile.ts": {"path":"C:\\pecuaria\\lib\\auth\\mapUserProfile.ts","statementMap":{"0":{"start":{"line":6,"column":30},"end":{"line":20,"column":null}},"1":{"start":{"line":7,"column":2},"end":{"line":7,"column":null}},"2":{"start":{"line":7,"column":16},"end":{"line":7,"column":null}},"3":{"start":{"line":9,"column":2},"end":{"line":19,"column":null}}},"fnMap":{"0":{"name":"(anonymous_0)","decl":{"start":{"line":6,"column":30},"end":{"line":6,"column":31}},"loc":{"start":{"line":6,"column":61},"end":{"line":20,"column":null}},"line":6}},"branchMap":{"0":{"loc":{"start":{"line":7,"column":2},"end":{"line":7,"column":null}},"type":"if","locations":[{"start":{"line":7,"column":2},"end":{"line":7,"column":null}},{"start":{},"end":{}}],"line":7},"1":{"loc":{"start":{"line":17,"column":15},"end":{"line":17,"column":null}},"type":"cond-expr","locations":[{"start":{"line":17,"column":36},"end":{"line":17,"column":81}},{"start":{"line":17,"column":81},"end":{"line":17,"column":null}}],"line":17}},"s":{"0":5,"1":5,"2":2,"3":3},"f":{"0":5},"b":{"0":[2,3],"1":[2,1]},"meta":{"lastBranch":2,"lastFunction":1,"lastStatement":4,"seen":{"s:6:30:20:Infinity":0,"f:6:30:6:31":0,"b:7:2:7:Infinity:undefined:undefined:undefined:undefined":0,"s:7:2:7:Infinity":1,"s:7:16:7:Infinity":2,"s:9:2:19:Infinity":3,"b:17:36:17:81:17:81:17:Infinity":1}}}
,"C:\\pecuaria\\lib\\auth\\permissions.ts": {"path":"C:\\pecuaria\\lib\\auth\\permissions.ts","statementMap":{"0":{"start":{"line":10,"column":31},"end":{"line":22,"column":null}},"1":{"start":{"line":11,"column":2},"end":{"line":11,"column":null}},"2":{"start":{"line":11,"column":27},"end":{"line":11,"column":null}},"3":{"start":{"line":12,"column":2},"end":{"line":12,"column":null}},"4":{"start":{"line":12,"column":29},"end":{"line":12,"column":null}},"5":{"start":{"line":14,"column":19},"end":{"line":14,"column":null}},"6":{"start":{"line":14,"column":35},"end":{"line":14,"column":53}},"7":{"start":{"line":15,"column":2},"end":{"line":15,"column":null}},"8":{"start":{"line":15,"column":17},"end":{"line":15,"column":null}},"9":{"start":{"line":18,"column":22},"end":{"line":18,"column":null}},"10":{"start":{"line":18,"column":50},"end":{"line":18,"column":94}},"11":{"start":{"line":19,"column":2},"end":{"line":19,"column":null}},"12":{"start":{"line":19,"column":19},"end":{"line":19,"column":null}},"13":{"start":{"line":21,"column":2},"end":{"line":21,"column":null}},"14":{"start":{"line":21,"column":37},"end":{"line":21,"column":84}},"15":{"start":{"line":31,"column":26},"end":{"line":43,"column":null}},"16":{"start":{"line":36,"column":2},"end":{"line":36,"column":null}},"17":{"start":{"line":36,"column":27},"end":{"line":36,"column":null}},"18":{"start":{"line":37,"column":2},"end":{"line":37,"column":null}},"19":{"start":{"line":37,"column":29},"end":{"line":37,"column":null}},"20":{"start":{"line":39,"column":19},"end":{"line":39,"column":null}},"21":{"start":{"line":39,"column":35},"end":{"line":39,"column":53}},"22":{"start":{"line":40,"column":2},"end":{"line":40,"column":null}},"23":{"start":{"line":40,"column":17},"end":{"line":40,"column":null}},"24":{"start":{"line":42,"column":2},"end":{"line":42,"column":null}}},"fnMap":{"0":{"name":"(anonymous_0)","decl":{"start":{"line":10,"column":31},"end":{"line":10,"column":32}},"loc":{"start":{"line":10,"column":80},"end":{"line":22,"column":null}},"line":10},"1":{"name":"(anonymous_1)","decl":{"start":{"line":14,"column":30},"end":{"line":14,"column":35}},"loc":{"start":{"line":14,"column":35},"end":{"line":14,"column":53}},"line":14},"2":{"name":"(anonymous_2)","decl":{"start":{"line":18,"column":45},"end":{"line":18,"column":50}},"loc":{"start":{"line":18,"column":50},"end":{"line":18,"column":94}},"line":18},"3":{"name":"(anonymous_3)","decl":{"start":{"line":21,"column":32},"end":{"line":21,"column":37}},"loc":{"start":{"line":21,"column":37},"end":{"line":21,"column":84}},"line":21},"4":{"name":"(anonymous_4)","decl":{"start":{"line":31,"column":26},"end":{"line":31,"column":null}},"loc":{"start":{"line":35,"column":14},"end":{"line":43,"column":null}},"line":35},"5":{"name":"(anonymous_5)","decl":{"start":{"line":39,"column":30},"end":{"line":39,"column":35}},"loc":{"start":{"line":39,"column":35},"end":{"line":39,"column":53}},"line":39}},"branchMap":{"0":{"loc":{"start":{"line":11,"column":2},"end":{"line":11,"column":null}},"type":"if","locations":[{"start":{"line":11,"column":2},"end":{"line":11,"column":null}},{"start":{},"end":{}}],"line":11},"1":{"loc":{"start":{"line":11,"column":6},"end":{"line":11,"column":27}},"type":"binary-expr","locations":[{"start":{"line":11,"column":6},"end":{"line":11,"column":15}},{"start":{"line":11,"column":15},"end":{"line":11,"column":27}}],"line":11},"2":{"loc":{"start":{"line":12,"column":2},"end":{"line":12,"column":null}},"type":"if","locations":[{"start":{"line":12,"column":2},"end":{"line":12,"column":null}},{"start":{},"end":{}}],"line":12},"3":{"loc":{"start":{"line":15,"column":2},"end":{"line":15,"column":null}},"type":"if","locations":[{"start":{"line":15,"column":2},"end":{"line":15,"column":null}},{"start":{},"end":{}}],"line":15},"4":{"loc":{"start":{"line":19,"column":2},"end":{"line":19,"column":null}},"type":"if","locations":[{"start":{"line":19,"column":2},"end":{"line":19,"column":null}},{"start":{},"end":{}}],"line":19},"5":{"loc":{"start":{"line":21,"column":9},"end":{"line":21,"column":null}},"type":"binary-expr","locations":[{"start":{"line":21,"column":9},"end":{"line":21,"column":89}},{"start":{"line":21,"column":89},"end":{"line":21,"column":null}}],"line":21},"6":{"loc":{"start":{"line":36,"column":2},"end":{"line":36,"column":null}},"type":"if","locations":[{"start":{"line":36,"column":2},"end":{"line":36,"column":null}},{"start":{},"end":{}}],"line":36},"7":{"loc":{"start":{"line":36,"column":6},"end":{"line":36,"column":27}},"type":"binary-expr","locations":[{"start":{"line":36,"column":6},"end":{"line":36,"column":15}},{"start":{"line":36,"column":15},"end":{"line":36,"column":27}}],"line":36},"8":{"loc":{"start":{"line":37,"column":2},"end":{"line":37,"column":null}},"type":"if","locations":[{"start":{"line":37,"column":2},"end":{"line":37,"column":null}},{"start":{},"end":{}}],"line":37},"9":{"loc":{"start":{"line":40,"column":2},"end":{"line":40,"column":null}},"type":"if","locations":[{"start":{"line":40,"column":2},"end":{"line":40,"column":null}},{"start":{},"end":{}}],"line":40}},"s":{"0":3,"1":9,"2":3,"3":6,"4":1,"5":5,"6":8,"7":5,"8":0,"9":5,"10":14,"11":5,"12":1,"13":4,"14":9,"15":3,"16":13,"17":3,"18":10,"19":1,"20":9,"21":11,"22":9,"23":0,"24":9},"f":{"0":9,"1":8,"2":14,"3":9,"4":13,"5":11},"b":{"0":[3,6],"1":[9,7],"2":[1,5],"3":[0,5],"4":[1,4],"5":[4,2],"6":[3,10],"7":[13,11],"8":[1,9],"9":[0,9]},"meta":{"lastBranch":10,"lastFunction":6,"lastStatement":25,"seen":{"s:10:31:22:Infinity":0,"f:10:31:10:32":0,"b:11:2:11:Infinity:undefined:undefined:undefined:undefined":0,"s:11:2:11:Infinity":1,"b:11:6:11:15:11:15:11:27":1,"s:11:27:11:Infinity":2,"b:12:2:12:Infinity:undefined:undefined:undefined:undefined":2,"s:12:2:12:Infinity":3,"s:12:29:12:Infinity":4,"s:14:19:14:Infinity":5,"f:14:30:14:35":1,"s:14:35:14:53":6,"b:15:2:15:Infinity:undefined:undefined:undefined:undefined":3,"s:15:2:15:Infinity":7,"s:15:17:15:Infinity":8,"s:18:22:18:Infinity":9,"f:18:45:18:50":2,"s:18:50:18:94":10,"b:19:2:19:Infinity:undefined:undefined:undefined:undefined":4,"s:19:2:19:Infinity":11,"s:19:19:19:Infinity":12,"s:21:2:21:Infinity":13,"b:21:9:21:89:21:89:21:Infinity":5,"f:21:32:21:37":3,"s:21:37:21:84":14,"s:31:26:43:Infinity":15,"f:31:26:31:Infinity":4,"b:36:2:36:Infinity:undefined:undefined:undefined:undefined":6,"s:36:2:36:Infinity":16,"b:36:6:36:15:36:15:36:27":7,"s:36:27:36:Infinity":17,"b:37:2:37:Infinity:undefined:undefined:undefined:undefined":8,"s:37:2:37:Infinity":18,"s:37:29:37:Infinity":19,"s:39:19:39:Infinity":20,"f:39:30:39:35":5,"s:39:35:39:53":21,"b:40:2:40:Infinity:undefined:undefined:undefined:undefined":9,"s:40:2:40:Infinity":22,"s:40:17:40:Infinity":23,"s:42:2:42:Infinity":24}}}
}
